TimeQuest Timing Analyzer report for TopLevel
Thu Feb 18 15:13:16 2016
Quartus II 32-bit Version 12.0 Build 178 05/31/2012 SJ Web Edition


---------------------
; Table of Contents ;
---------------------
  1. Legal Notice
  2. TimeQuest Timing Analyzer Summary
  3. Parallel Compilation
  4. Clocks
  5. Fmax Summary
  6. Setup Summary
  7. Hold Summary
  8. Recovery Summary
  9. Removal Summary
 10. Minimum Pulse Width Summary
 11. Setup: 'TCLK'
 12. Setup: 'TRST'
 13. Hold: 'TRST'
 14. Hold: 'TCLK'
 15. Recovery: 'TCLK'
 16. Removal: 'TCLK'
 17. Minimum Pulse Width: 'TCLK'
 18. Minimum Pulse Width: 'TRST'
 19. Setup Times
 20. Hold Times
 21. Clock to Output Times
 22. Minimum Clock to Output Times
 23. Setup Transfers
 24. Hold Transfers
 25. Recovery Transfers
 26. Removal Transfers
 27. Report TCCS
 28. Report RSKM
 29. Unconstrained Paths
 30. TimeQuest Timing Analyzer Messages



----------------
; Legal Notice ;
----------------
Copyright (C) 1991-2012 Altera Corporation
Your use of Altera Corporation's design tools, logic functions 
and other software and tools, and its AMPP partner logic 
functions, and any output files from any of the foregoing 
(including device programming or simulation files), and any 
associated documentation or information are expressly subject 
to the terms and conditions of the Altera Program License 
Subscription Agreement, Altera MegaCore Function License 
Agreement, or other applicable license agreement, including, 
without limitation, that your use is for the sole purpose of 
programming logic devices manufactured by Altera and sold by 
Altera or its authorized distributors.  Please refer to the 
applicable agreement for further details.



+-----------------------------------------------------------------------+
; TimeQuest Timing Analyzer Summary                                     ;
+--------------------+--------------------------------------------------+
; Quartus II Version ; Version 12.0 Build 178 05/31/2012 SJ Web Edition ;
; Revision Name      ; TopLevel                                         ;
; Device Family      ; MAX V                                            ;
; Device Name        ; 5M1270ZT144C5                                    ;
; Timing Models      ; Final                                            ;
; Delay Model        ; Slow Model                                       ;
; Rise/Fall Delays   ; Unavailable                                      ;
+--------------------+--------------------------------------------------+


Parallel compilation was disabled, but you have multiple processors available. Enable parallel compilation to reduce compilation time.
+-------------------------------------+
; Parallel Compilation                ;
+----------------------------+--------+
; Processors                 ; Number ;
+----------------------------+--------+
; Number detected on machine ; 4      ;
; Maximum allowed            ; 1      ;
+----------------------------+--------+


+----------------------------------------------------------------------------------------------------------------------------------------------------------------------------------+
; Clocks                                                                                                                                                                           ;
+------------+------+--------+------------+-------+-------+------------+-----------+-------------+-------+--------+-----------+------------+----------+--------+--------+----------+
; Clock Name ; Type ; Period ; Frequency  ; Rise  ; Fall  ; Duty Cycle ; Divide by ; Multiply by ; Phase ; Offset ; Edge List ; Edge Shift ; Inverted ; Master ; Source ; Targets  ;
+------------+------+--------+------------+-------+-------+------------+-----------+-------------+-------+--------+-----------+------------+----------+--------+--------+----------+
; TCLK       ; Base ; 1.000  ; 1000.0 MHz ; 0.000 ; 0.500 ;            ;           ;             ;       ;        ;           ;            ;          ;        ;        ; { TCLK } ;
; TRST       ; Base ; 1.000  ; 1000.0 MHz ; 0.000 ; 0.500 ;            ;           ;             ;       ;        ;           ;            ;          ;        ;        ; { TRST } ;
+------------+------+--------+------------+-------+-------+------------+-----------+-------------+-------+--------+-----------+------------+----------+--------+--------+----------+


+-------------------------------------------------+
; Fmax Summary                                    ;
+-----------+-----------------+------------+------+
; Fmax      ; Restricted Fmax ; Clock Name ; Note ;
+-----------+-----------------+------------+------+
; 87.22 MHz ; 87.22 MHz       ; TCLK       ;      ;
+-----------+-----------------+------------+------+
This panel reports FMAX for every clock in the design, regardless of the user-specified clock periods.  FMAX is only computed for paths where the source and destination registers or ports are driven by the same clock.  Paths of different clocks, including generated clocks, are ignored.  For paths between a clock and its inversion, FMAX is computed as if the rising and falling edges are scaled along with FMAX, such that the duty cycle (in terms of a percentage) is maintained. Altera recommends that you always use clock constraints and other slack reports for sign-off analysis.


+---------------------------------+
; Setup Summary                   ;
+-------+---------+---------------+
; Clock ; Slack   ; End Point TNS ;
+-------+---------+---------------+
; TCLK  ; -10.465 ; -330.146      ;
; TRST  ; -2.635  ; -11.773       ;
+-------+---------+---------------+


+-------------------------------+
; Hold Summary                  ;
+-------+-------+---------------+
; Clock ; Slack ; End Point TNS ;
+-------+-------+---------------+
; TRST  ; 0.778 ; 0.000         ;
; TCLK  ; 0.946 ; 0.000         ;
+-------+-------+---------------+


+--------------------------------+
; Recovery Summary               ;
+-------+--------+---------------+
; Clock ; Slack  ; End Point TNS ;
+-------+--------+---------------+
; TCLK  ; -1.688 ; -8.440        ;
+-------+--------+---------------+


+-------------------------------+
; Removal Summary               ;
+-------+-------+---------------+
; Clock ; Slack ; End Point TNS ;
+-------+-------+---------------+
; TCLK  ; 1.634 ; 0.000         ;
+-------+-------+---------------+


+--------------------------------+
; Minimum Pulse Width Summary    ;
+-------+--------+---------------+
; Clock ; Slack  ; End Point TNS ;
+-------+--------+---------------+
; TCLK  ; -2.289 ; -2.289        ;
; TRST  ; -2.289 ; -2.289        ;
+-------+--------+---------------+


+-----------------------------------------------------------------------------------------------------------------------------------------------------------------------------------+
; Setup: 'TCLK'                                                                                                                                                                     ;
+---------+-------------------------------------------------+-------------------------------------------------+--------------+-------------+--------------+------------+------------+
; Slack   ; From Node                                       ; To Node                                         ; Launch Clock ; Latch Clock ; Relationship ; Clock Skew ; Data Delay ;
+---------+-------------------------------------------------+-------------------------------------------------+--------------+-------------+--------------+------------+------------+
; -10.465 ; Scan_Chain:scan_instance|Scan_Reg:In_Reg|L2[0]  ; Scan_Chain:scan_instance|Scan_Reg:Out_Reg|L1[6] ; TCLK         ; TCLK        ; 1.000        ; 0.000      ; 11.132     ;
; -10.464 ; Scan_Chain:scan_instance|Scan_Reg:In_Reg|L2[0]  ; Scan_Chain:scan_instance|Scan_Reg:Out_Reg|L1[7] ; TCLK         ; TCLK        ; 1.000        ; 0.000      ; 11.131     ;
; -10.266 ; Scan_Chain:scan_instance|Scan_Reg:In_Reg|L2[12] ; Scan_Chain:scan_instance|Scan_Reg:Out_Reg|L1[5] ; TCLK         ; TCLK        ; 1.000        ; 0.000      ; 10.933     ;
; -10.207 ; Scan_Chain:scan_instance|Scan_Reg:In_Reg|L2[2]  ; Scan_Chain:scan_instance|Scan_Reg:Out_Reg|L1[3] ; TCLK         ; TCLK        ; 1.000        ; 0.000      ; 10.874     ;
; -10.188 ; Scan_Chain:scan_instance|Scan_Reg:In_Reg|L2[0]  ; Scan_Chain:scan_instance|Scan_Reg:Out_Reg|L1[5] ; TCLK         ; TCLK        ; 1.000        ; 0.000      ; 10.855     ;
; -10.187 ; Scan_Chain:scan_instance|Scan_Reg:In_Reg|L2[10] ; Scan_Chain:scan_instance|Scan_Reg:Out_Reg|L1[3] ; TCLK         ; TCLK        ; 1.000        ; 0.000      ; 10.854     ;
; -10.111 ; Scan_Chain:scan_instance|Scan_Reg:In_Reg|L2[1]  ; Scan_Chain:scan_instance|Scan_Reg:Out_Reg|L1[3] ; TCLK         ; TCLK        ; 1.000        ; 0.000      ; 10.778     ;
; -10.077 ; Scan_Chain:scan_instance|Scan_Reg:In_Reg|L2[11] ; Scan_Chain:scan_instance|Scan_Reg:Out_Reg|L1[6] ; TCLK         ; TCLK        ; 1.000        ; 0.000      ; 10.744     ;
; -9.998  ; Scan_Chain:scan_instance|Scan_Reg:In_Reg|L2[12] ; Scan_Chain:scan_instance|Scan_Reg:Out_Reg|L1[7] ; TCLK         ; TCLK        ; 1.000        ; 0.000      ; 10.665     ;
; -9.976  ; Scan_Chain:scan_instance|Scan_Reg:In_Reg|L2[2]  ; Scan_Chain:scan_instance|Scan_Reg:Out_Reg|L1[7] ; TCLK         ; TCLK        ; 1.000        ; 0.000      ; 10.643     ;
; -9.948  ; Scan_Chain:scan_instance|Scan_Reg:In_Reg|L2[1]  ; Scan_Chain:scan_instance|Scan_Reg:Out_Reg|L1[7] ; TCLK         ; TCLK        ; 1.000        ; 0.000      ; 10.615     ;
; -9.922  ; Scan_Chain:scan_instance|Scan_Reg:In_Reg|L2[11] ; Scan_Chain:scan_instance|Scan_Reg:Out_Reg|L1[5] ; TCLK         ; TCLK        ; 1.000        ; 0.000      ; 10.589     ;
; -9.912  ; Scan_Chain:scan_instance|Scan_Reg:In_Reg|L2[9]  ; Scan_Chain:scan_instance|Scan_Reg:Out_Reg|L1[7] ; TCLK         ; TCLK        ; 1.000        ; 0.000      ; 10.579     ;
; -9.882  ; Scan_Chain:scan_instance|Scan_Reg:In_Reg|L2[1]  ; Scan_Chain:scan_instance|Scan_Reg:Out_Reg|L1[6] ; TCLK         ; TCLK        ; 1.000        ; 0.000      ; 10.549     ;
; -9.859  ; Scan_Chain:scan_instance|Scan_Reg:In_Reg|L2[2]  ; Scan_Chain:scan_instance|Scan_Reg:Out_Reg|L1[6] ; TCLK         ; TCLK        ; 1.000        ; 0.000      ; 10.526     ;
; -9.846  ; Scan_Chain:scan_instance|Scan_Reg:In_Reg|L2[9]  ; Scan_Chain:scan_instance|Scan_Reg:Out_Reg|L1[6] ; TCLK         ; TCLK        ; 1.000        ; 0.000      ; 10.513     ;
; -9.831  ; Scan_Chain:scan_instance|Scan_Reg:In_Reg|L2[8]  ; Scan_Chain:scan_instance|Scan_Reg:Out_Reg|L1[3] ; TCLK         ; TCLK        ; 1.000        ; 0.000      ; 10.498     ;
; -9.810  ; Scan_Chain:scan_instance|Scan_Reg:In_Reg|L2[0]  ; Scan_Chain:scan_instance|Scan_Reg:Out_Reg|L1[3] ; TCLK         ; TCLK        ; 1.000        ; 0.000      ; 10.477     ;
; -9.740  ; Scan_Chain:scan_instance|Scan_Reg:In_Reg|L2[3]  ; Scan_Chain:scan_instance|Scan_Reg:Out_Reg|L1[7] ; TCLK         ; TCLK        ; 1.000        ; 0.000      ; 10.407     ;
; -9.737  ; Scan_Chain:scan_instance|Scan_Reg:In_Reg|L2[0]  ; Scan_Chain:scan_instance|Scan_Reg:Out_Reg|L1[4] ; TCLK         ; TCLK        ; 1.000        ; 0.000      ; 10.404     ;
; -9.730  ; Scan_Chain:scan_instance|Scan_Reg:In_Reg|L2[1]  ; Scan_Chain:scan_instance|Scan_Reg:Out_Reg|L1[4] ; TCLK         ; TCLK        ; 1.000        ; 0.000      ; 10.397     ;
; -9.722  ; Scan_Chain:scan_instance|Scan_Reg:In_Reg|L2[3]  ; Scan_Chain:scan_instance|Scan_Reg:Out_Reg|L1[5] ; TCLK         ; TCLK        ; 1.000        ; 0.000      ; 10.389     ;
; -9.694  ; Scan_Chain:scan_instance|Scan_Reg:In_Reg|L2[10] ; Scan_Chain:scan_instance|Scan_Reg:Out_Reg|L1[5] ; TCLK         ; TCLK        ; 1.000        ; 0.000      ; 10.361     ;
; -9.694  ; Scan_Chain:scan_instance|Scan_Reg:In_Reg|L2[9]  ; Scan_Chain:scan_instance|Scan_Reg:Out_Reg|L1[4] ; TCLK         ; TCLK        ; 1.000        ; 0.000      ; 10.361     ;
; -9.693  ; Scan_Chain:scan_instance|Scan_Reg:In_Reg|L2[12] ; Scan_Chain:scan_instance|Scan_Reg:Out_Reg|L1[6] ; TCLK         ; TCLK        ; 1.000        ; 0.000      ; 10.360     ;
; -9.674  ; Scan_Chain:scan_instance|Scan_Reg:In_Reg|L2[3]  ; Scan_Chain:scan_instance|Scan_Reg:Out_Reg|L1[6] ; TCLK         ; TCLK        ; 1.000        ; 0.000      ; 10.341     ;
; -9.637  ; Scan_Chain:scan_instance|Scan_Reg:In_Reg|L2[11] ; Scan_Chain:scan_instance|Scan_Reg:Out_Reg|L1[3] ; TCLK         ; TCLK        ; 1.000        ; 0.000      ; 10.304     ;
; -9.619  ; Scan_Chain:scan_instance|Scan_Reg:In_Reg|L2[2]  ; Scan_Chain:scan_instance|Scan_Reg:Out_Reg|L1[1] ; TCLK         ; TCLK        ; 1.000        ; 0.000      ; 10.286     ;
; -9.616  ; Scan_Chain:scan_instance|Scan_Reg:In_Reg|L2[14] ; Scan_Chain:scan_instance|Scan_Reg:Out_Reg|L1[7] ; TCLK         ; TCLK        ; 1.000        ; 0.000      ; 10.283     ;
; -9.615  ; Scan_Chain:scan_instance|Scan_Reg:In_Reg|L2[4]  ; Scan_Chain:scan_instance|Scan_Reg:Out_Reg|L1[6] ; TCLK         ; TCLK        ; 1.000        ; 0.000      ; 10.282     ;
; -9.614  ; Scan_Chain:scan_instance|Scan_Reg:In_Reg|L2[4]  ; Scan_Chain:scan_instance|Scan_Reg:Out_Reg|L1[7] ; TCLK         ; TCLK        ; 1.000        ; 0.000      ; 10.281     ;
; -9.582  ; Scan_Chain:scan_instance|Scan_Reg:In_Reg|L2[2]  ; Scan_Chain:scan_instance|Scan_Reg:Out_Reg|L1[5] ; TCLK         ; TCLK        ; 1.000        ; 0.000      ; 10.249     ;
; -9.558  ; Scan_Chain:scan_instance|Scan_Reg:In_Reg|L2[1]  ; Scan_Chain:scan_instance|Scan_Reg:Out_Reg|L1[5] ; TCLK         ; TCLK        ; 1.000        ; 0.000      ; 10.225     ;
; -9.554  ; Scan_Chain:scan_instance|Scan_Reg:In_Reg|L2[12] ; Scan_Chain:scan_instance|Scan_Reg:Out_Reg|L1[0] ; TCLK         ; TCLK        ; 1.000        ; 0.000      ; 10.221     ;
; -9.548  ; Scan_Chain:scan_instance|Scan_Reg:In_Reg|L2[11] ; Scan_Chain:scan_instance|Scan_Reg:Out_Reg|L1[7] ; TCLK         ; TCLK        ; 1.000        ; 0.000      ; 10.215     ;
; -9.522  ; Scan_Chain:scan_instance|Scan_Reg:In_Reg|L2[8]  ; Scan_Chain:scan_instance|Scan_Reg:Out_Reg|L1[7] ; TCLK         ; TCLK        ; 1.000        ; 0.000      ; 10.189     ;
; -9.522  ; Scan_Chain:scan_instance|Scan_Reg:In_Reg|L2[3]  ; Scan_Chain:scan_instance|Scan_Reg:Out_Reg|L1[4] ; TCLK         ; TCLK        ; 1.000        ; 0.000      ; 10.189     ;
; -9.522  ; Scan_Chain:scan_instance|Scan_Reg:In_Reg|L2[9]  ; Scan_Chain:scan_instance|Scan_Reg:Out_Reg|L1[5] ; TCLK         ; TCLK        ; 1.000        ; 0.000      ; 10.189     ;
; -9.517  ; Scan_Chain:scan_instance|Scan_Reg:In_Reg|L2[13] ; Scan_Chain:scan_instance|Scan_Reg:Out_Reg|L1[5] ; TCLK         ; TCLK        ; 1.000        ; 0.000      ; 10.184     ;
; -9.460  ; Scan_Chain:scan_instance|Scan_Reg:In_Reg|L2[9]  ; Scan_Chain:scan_instance|Scan_Reg:Out_Reg|L1[3] ; TCLK         ; TCLK        ; 1.000        ; 0.000      ; 10.127     ;
; -9.447  ; Scan_Chain:scan_instance|Scan_Reg:In_Reg|L2[9]  ; Scan_Chain:scan_instance|Scan_Reg:Out_Reg|L1[1] ; TCLK         ; TCLK        ; 1.000        ; 0.000      ; 10.114     ;
; -9.426  ; Scan_Chain:scan_instance|Scan_Reg:In_Reg|L2[10] ; Scan_Chain:scan_instance|Scan_Reg:Out_Reg|L1[7] ; TCLK         ; TCLK        ; 1.000        ; 0.000      ; 10.093     ;
; -9.394  ; Scan_Chain:scan_instance|Scan_Reg:In_Reg|L2[13] ; Scan_Chain:scan_instance|Scan_Reg:Out_Reg|L1[7] ; TCLK         ; TCLK        ; 1.000        ; 0.000      ; 10.061     ;
; -9.364  ; Scan_Chain:scan_instance|Scan_Reg:In_Reg|L2[2]  ; Scan_Chain:scan_instance|Scan_Reg:Out_Reg|L1[2] ; TCLK         ; TCLK        ; 1.000        ; 0.000      ; 10.031     ;
; -9.351  ; Scan_Chain:scan_instance|Scan_Reg:In_Reg|L2[12] ; Scan_Chain:scan_instance|Scan_Reg:Out_Reg|L1[1] ; TCLK         ; TCLK        ; 1.000        ; 0.000      ; 10.018     ;
; -9.350  ; Scan_Chain:scan_instance|Scan_Reg:In_Reg|L2[1]  ; Scan_Chain:scan_instance|Scan_Reg:Out_Reg|L1[1] ; TCLK         ; TCLK        ; 1.000        ; 0.000      ; 10.017     ;
; -9.338  ; Scan_Chain:scan_instance|Scan_Reg:In_Reg|L2[4]  ; Scan_Chain:scan_instance|Scan_Reg:Out_Reg|L1[5] ; TCLK         ; TCLK        ; 1.000        ; 0.000      ; 10.005     ;
; -9.307  ; Scan_Chain:scan_instance|Scan_Reg:In_Reg|L2[6]  ; Scan_Chain:scan_instance|Scan_Reg:Out_Reg|L1[6] ; TCLK         ; TCLK        ; 1.000        ; 0.000      ; 9.974      ;
; -9.295  ; Scan_Chain:scan_instance|Scan_Reg:In_Reg|L2[1]  ; Scan_Chain:scan_instance|Scan_Reg:Out_Reg|L1[2] ; TCLK         ; TCLK        ; 1.000        ; 0.000      ; 9.962      ;
; -9.292  ; Scan_Chain:scan_instance|Scan_Reg:In_Reg|L2[10] ; Scan_Chain:scan_instance|Scan_Reg:Out_Reg|L1[2] ; TCLK         ; TCLK        ; 1.000        ; 0.000      ; 9.959      ;
; -9.264  ; Scan_Chain:scan_instance|Scan_Reg:In_Reg|L2[11] ; Scan_Chain:scan_instance|Scan_Reg:Out_Reg|L1[4] ; TCLK         ; TCLK        ; 1.000        ; 0.000      ; 9.931      ;
; -9.259  ; Scan_Chain:scan_instance|Scan_Reg:In_Reg|L2[9]  ; Scan_Chain:scan_instance|Scan_Reg:Out_Reg|L1[2] ; TCLK         ; TCLK        ; 1.000        ; 0.000      ; 9.926      ;
; -9.228  ; Scan_Chain:scan_instance|Scan_Reg:In_Reg|L2[13] ; Scan_Chain:scan_instance|Scan_Reg:Out_Reg|L1[3] ; TCLK         ; TCLK        ; 1.000        ; 0.000      ; 9.895      ;
; -9.165  ; Scan_Chain:scan_instance|Scan_Reg:In_Reg|L2[8]  ; Scan_Chain:scan_instance|Scan_Reg:Out_Reg|L1[6] ; TCLK         ; TCLK        ; 1.000        ; 0.000      ; 9.832      ;
; -9.160  ; Scan_Chain:scan_instance|Scan_Reg:In_Reg|L2[13] ; Scan_Chain:scan_instance|Scan_Reg:Out_Reg|L1[4] ; TCLK         ; TCLK        ; 1.000        ; 0.000      ; 9.827      ;
; -9.142  ; Scan_Chain:scan_instance|Scan_Reg:In_Reg|L2[10] ; Scan_Chain:scan_instance|Scan_Reg:Out_Reg|L1[4] ; TCLK         ; TCLK        ; 1.000        ; 0.000      ; 9.809      ;
; -9.131  ; Scan_Chain:scan_instance|Scan_Reg:In_Reg|L2[2]  ; Scan_Chain:scan_instance|Scan_Reg:Out_Reg|L1[4] ; TCLK         ; TCLK        ; 1.000        ; 0.000      ; 9.798      ;
; -9.121  ; Scan_Chain:scan_instance|Scan_Reg:In_Reg|L2[10] ; Scan_Chain:scan_instance|Scan_Reg:Out_Reg|L1[6] ; TCLK         ; TCLK        ; 1.000        ; 0.000      ; 9.788      ;
; -9.092  ; Scan_Chain:scan_instance|Scan_Reg:In_Reg|L2[2]  ; Scan_Chain:scan_instance|Scan_Reg:Out_Reg|L1[0] ; TCLK         ; TCLK        ; 1.000        ; 0.000      ; 9.759      ;
; -9.073  ; Scan_Chain:scan_instance|Scan_Reg:In_Reg|L2[15] ; Scan_Chain:scan_instance|Scan_Reg:Out_Reg|L1[4] ; TCLK         ; TCLK        ; 1.000        ; 0.000      ; 9.740      ;
; -8.997  ; Scan_Chain:scan_instance|Scan_Reg:In_Reg|L2[12] ; Scan_Chain:scan_instance|Scan_Reg:Out_Reg|L1[4] ; TCLK         ; TCLK        ; 1.000        ; 0.000      ; 9.664      ;
; -8.987  ; Scan_Chain:scan_instance|Scan_Reg:In_Reg|L2[0]  ; Scan_Chain:scan_instance|Scan_Reg:Out_Reg|L1[2] ; TCLK         ; TCLK        ; 1.000        ; 0.000      ; 9.654      ;
; -8.966  ; Scan_Chain:scan_instance|Scan_Reg:In_Reg|L2[13] ; Scan_Chain:scan_instance|Scan_Reg:Out_Reg|L1[6] ; TCLK         ; TCLK        ; 1.000        ; 0.000      ; 9.633      ;
; -8.939  ; Scan_Chain:scan_instance|Scan_Reg:In_Reg|L2[8]  ; Scan_Chain:scan_instance|Scan_Reg:Out_Reg|L1[5] ; TCLK         ; TCLK        ; 1.000        ; 0.000      ; 9.606      ;
; -8.936  ; Scan_Chain:scan_instance|Scan_Reg:In_Reg|L2[8]  ; Scan_Chain:scan_instance|Scan_Reg:Out_Reg|L1[2] ; TCLK         ; TCLK        ; 1.000        ; 0.000      ; 9.603      ;
; -8.931  ; Scan_Chain:scan_instance|Scan_Reg:In_Reg|L2[13] ; Scan_Chain:scan_instance|Scan_Reg:Out_Reg|L1[1] ; TCLK         ; TCLK        ; 1.000        ; 0.000      ; 9.598      ;
; -8.914  ; Scan_Chain:scan_instance|Scan_Reg:In_Reg|L2[11] ; Scan_Chain:scan_instance|Scan_Reg:Out_Reg|L1[1] ; TCLK         ; TCLK        ; 1.000        ; 0.000      ; 9.581      ;
; -8.854  ; Scan_Chain:scan_instance|Scan_Reg:In_Reg|L2[0]  ; Scan_Chain:scan_instance|Scan_Reg:Out_Reg|L1[1] ; TCLK         ; TCLK        ; 1.000        ; 0.000      ; 9.521      ;
; -8.814  ; Scan_Chain:scan_instance|Scan_Reg:In_Reg|L2[17] ; Scan_Chain:scan_instance|Scan_Reg:Out_Reg|L1[7] ; TCLK         ; TCLK        ; 1.000        ; 0.000      ; 9.481      ;
; -8.794  ; Scan_Chain:scan_instance|Scan_Reg:In_Reg|L2[11] ; Scan_Chain:scan_instance|Scan_Reg:Out_Reg|L1[2] ; TCLK         ; TCLK        ; 1.000        ; 0.000      ; 9.461      ;
; -8.785  ; Scan_Chain:scan_instance|Scan_Reg:In_Reg|L2[15] ; Scan_Chain:scan_instance|Scan_Reg:Out_Reg|L1[3] ; TCLK         ; TCLK        ; 1.000        ; 0.000      ; 9.452      ;
; -8.758  ; Scan_Chain:scan_instance|Scan_Reg:In_Reg|L2[17] ; Scan_Chain:scan_instance|Scan_Reg:Out_Reg|L1[5] ; TCLK         ; TCLK        ; 1.000        ; 0.000      ; 9.425      ;
; -8.748  ; Scan_Chain:scan_instance|Scan_Reg:In_Reg|L2[12] ; Scan_Chain:scan_instance|Scan_Reg:Out_Reg|L1[2] ; TCLK         ; TCLK        ; 1.000        ; 0.000      ; 9.415      ;
; -8.737  ; Scan_Chain:scan_instance|Scan_Reg:In_Reg|L2[3]  ; Scan_Chain:scan_instance|Scan_Reg:Out_Reg|L1[3] ; TCLK         ; TCLK        ; 1.000        ; 0.000      ; 9.404      ;
; -8.674  ; Scan_Chain:scan_instance|Scan_Reg:In_Reg|L2[17] ; Scan_Chain:scan_instance|Scan_Reg:Out_Reg|L1[3] ; TCLK         ; TCLK        ; 1.000        ; 0.000      ; 9.341      ;
; -8.674  ; Scan_Chain:scan_instance|Scan_Reg:In_Reg|L2[6]  ; Scan_Chain:scan_instance|Scan_Reg:Out_Reg|L1[7] ; TCLK         ; TCLK        ; 1.000        ; 0.000      ; 9.341      ;
; -8.621  ; Scan_Chain:scan_instance|Scan_Reg:In_Reg|L2[4]  ; Scan_Chain:scan_instance|Scan_Reg:Out_Reg|L1[4] ; TCLK         ; TCLK        ; 1.000        ; 0.000      ; 9.288      ;
; -8.574  ; Scan_Chain:scan_instance|Scan_Reg:In_Reg|L2[17] ; Scan_Chain:scan_instance|Scan_Reg:Out_Reg|L1[1] ; TCLK         ; TCLK        ; 1.000        ; 0.000      ; 9.241      ;
; -8.555  ; Scan_Chain:scan_instance|Scan_Reg:In_Reg|L2[14] ; Scan_Chain:scan_instance|Scan_Reg:Out_Reg|L1[5] ; TCLK         ; TCLK        ; 1.000        ; 0.000      ; 9.222      ;
; -8.552  ; Scan_Chain:scan_instance|Scan_Reg:In_Reg|L2[0]  ; Scan_Chain:scan_instance|Scan_Reg:Out_Reg|L1[0] ; TCLK         ; TCLK        ; 1.000        ; 0.000      ; 9.219      ;
; -8.549  ; Scan_Chain:scan_instance|Scan_Reg:In_Reg|L2[5]  ; Scan_Chain:scan_instance|Scan_Reg:Out_Reg|L1[7] ; TCLK         ; TCLK        ; 1.000        ; 0.000      ; 9.216      ;
; -8.540  ; Scan_Chain:scan_instance|Scan_Reg:In_Reg|L2[9]  ; Scan_Chain:scan_instance|Scan_Reg:Out_Reg|L1[0] ; TCLK         ; TCLK        ; 1.000        ; 0.000      ; 9.207      ;
; -8.515  ; Scan_Chain:scan_instance|Scan_Reg:In_Reg|L2[1]  ; Scan_Chain:scan_instance|Scan_Reg:Out_Reg|L1[0] ; TCLK         ; TCLK        ; 1.000        ; 0.000      ; 9.182      ;
; -8.484  ; Scan_Chain:scan_instance|Scan_Reg:In_Reg|L2[15] ; Scan_Chain:scan_instance|Scan_Reg:Out_Reg|L1[5] ; TCLK         ; TCLK        ; 1.000        ; 0.000      ; 9.151      ;
; -8.481  ; Scan_Chain:scan_instance|Scan_Reg:In_Reg|L2[13] ; Scan_Chain:scan_instance|Scan_Reg:Out_Reg|L1[0] ; TCLK         ; TCLK        ; 1.000        ; 0.000      ; 9.148      ;
; -8.464  ; Scan_Chain:scan_instance|Scan_Reg:In_Reg|L2[11] ; Scan_Chain:scan_instance|Scan_Reg:Out_Reg|L1[0] ; TCLK         ; TCLK        ; 1.000        ; 0.000      ; 9.131      ;
; -8.432  ; Scan_Chain:scan_instance|Scan_Reg:In_Reg|L2[14] ; Scan_Chain:scan_instance|Scan_Reg:Out_Reg|L1[6] ; TCLK         ; TCLK        ; 1.000        ; 0.000      ; 9.099      ;
; -8.423  ; Scan_Chain:scan_instance|Scan_Reg:In_Reg|L2[8]  ; Scan_Chain:scan_instance|Scan_Reg:Out_Reg|L1[0] ; TCLK         ; TCLK        ; 1.000        ; 0.000      ; 9.090      ;
; -8.385  ; Scan_Chain:scan_instance|Scan_Reg:In_Reg|L2[13] ; Scan_Chain:scan_instance|Scan_Reg:Out_Reg|L1[2] ; TCLK         ; TCLK        ; 1.000        ; 0.000      ; 9.052      ;
; -8.384  ; Scan_Chain:scan_instance|Scan_Reg:In_Reg|L2[17] ; Scan_Chain:scan_instance|Scan_Reg:Out_Reg|L1[2] ; TCLK         ; TCLK        ; 1.000        ; 0.000      ; 9.051      ;
; -8.327  ; Scan_Chain:scan_instance|Scan_Reg:In_Reg|L2[15] ; Scan_Chain:scan_instance|Scan_Reg:Out_Reg|L1[7] ; TCLK         ; TCLK        ; 1.000        ; 0.000      ; 8.994      ;
; -8.323  ; Scan_Chain:scan_instance|Scan_Reg:In_Reg|L2[15] ; Scan_Chain:scan_instance|Scan_Reg:Out_Reg|L1[6] ; TCLK         ; TCLK        ; 1.000        ; 0.000      ; 8.990      ;
; -8.267  ; Scan_Chain:scan_instance|Scan_Reg:In_Reg|L2[16] ; Scan_Chain:scan_instance|Scan_Reg:Out_Reg|L1[7] ; TCLK         ; TCLK        ; 1.000        ; 0.000      ; 8.934      ;
; -8.219  ; Scan_Chain:scan_instance|Scan_Reg:In_Reg|L2[10] ; Scan_Chain:scan_instance|Scan_Reg:Out_Reg|L1[1] ; TCLK         ; TCLK        ; 1.000        ; 0.000      ; 8.886      ;
; -8.211  ; Scan_Chain:scan_instance|Scan_Reg:In_Reg|L2[16] ; Scan_Chain:scan_instance|Scan_Reg:Out_Reg|L1[5] ; TCLK         ; TCLK        ; 1.000        ; 0.000      ; 8.878      ;
; -8.145  ; Scan_Chain:scan_instance|Scan_Reg:In_Reg|L2[17] ; Scan_Chain:scan_instance|Scan_Reg:Out_Reg|L1[4] ; TCLK         ; TCLK        ; 1.000        ; 0.000      ; 8.812      ;
; -8.140  ; Scan_Chain:scan_instance|Scan_Reg:In_Reg|L2[14] ; Scan_Chain:scan_instance|Scan_Reg:Out_Reg|L1[3] ; TCLK         ; TCLK        ; 1.000        ; 0.000      ; 8.807      ;
; -8.121  ; Scan_Chain:scan_instance|Scan_Reg:In_Reg|L2[5]  ; Scan_Chain:scan_instance|Scan_Reg:Out_Reg|L1[6] ; TCLK         ; TCLK        ; 1.000        ; 0.000      ; 8.788      ;
; -8.121  ; Scan_Chain:scan_instance|Scan_Reg:In_Reg|L2[16] ; Scan_Chain:scan_instance|Scan_Reg:Out_Reg|L1[3] ; TCLK         ; TCLK        ; 1.000        ; 0.000      ; 8.788      ;
; -8.111  ; Scan_Chain:scan_instance|Scan_Reg:In_Reg|L2[8]  ; Scan_Chain:scan_instance|Scan_Reg:Out_Reg|L1[1] ; TCLK         ; TCLK        ; 1.000        ; 0.000      ; 8.778      ;
+---------+-------------------------------------------------+-------------------------------------------------+--------------+-------------+--------------+------------+------------+


+-------------------------------------------------------------------------------------------------------------------------------------------------------------------------------------+
; Setup: 'TRST'                                                                                                                                                                       ;
+--------+--------------------------------------------------+---------------------------------------------------+--------------+-------------+--------------+------------+------------+
; Slack  ; From Node                                        ; To Node                                           ; Launch Clock ; Latch Clock ; Relationship ; Clock Skew ; Data Delay ;
+--------+--------------------------------------------------+---------------------------------------------------+--------------+-------------+--------------+------------+------------+
; -2.635 ; Scan_Chain:scan_instance|current_state.s_shift   ; Scan_Chain:scan_instance|next_state.s_update_166  ; TCLK         ; TRST        ; 1.000        ; 1.625      ; 2.827      ;
; -2.593 ; Scan_Chain:scan_instance|current_state.s_DR      ; Scan_Chain:scan_instance|next_state.s_capture_180 ; TCLK         ; TRST        ; 1.000        ; 1.627      ; 3.206      ;
; -2.402 ; Scan_Chain:scan_instance|current_state.s_DR      ; Scan_Chain:scan_instance|next_state.s_DR_187      ; TCLK         ; TRST        ; 1.000        ; 1.632      ; 3.029      ;
; -2.211 ; Scan_Chain:scan_instance|current_state.s_capture ; Scan_Chain:scan_instance|next_state.s_update_166  ; TCLK         ; TRST        ; 1.000        ; 1.625      ; 2.403      ;
; -2.202 ; Scan_Chain:scan_instance|current_state.s_shift   ; Scan_Chain:scan_instance|next_state.s_shift_173   ; TCLK         ; TRST        ; 1.000        ; 1.631      ; 2.818      ;
; -2.052 ; Scan_Chain:scan_instance|current_state.s_idle    ; Scan_Chain:scan_instance|next_state.s_DR_187      ; TCLK         ; TRST        ; 1.000        ; 1.632      ; 2.679      ;
; -1.941 ; Scan_Chain:scan_instance|current_state.s_update  ; Scan_Chain:scan_instance|next_state.s_idle_194    ; TCLK         ; TRST        ; 1.000        ; 1.507      ; 2.423      ;
; -1.887 ; Scan_Chain:scan_instance|current_state.s_idle    ; Scan_Chain:scan_instance|next_state.s_idle_194    ; TCLK         ; TRST        ; 1.000        ; 1.507      ; 2.369      ;
; -1.795 ; Scan_Chain:scan_instance|current_state.s_capture ; Scan_Chain:scan_instance|next_state.s_shift_173   ; TCLK         ; TRST        ; 1.000        ; 1.631      ; 2.411      ;
+--------+--------------------------------------------------+---------------------------------------------------+--------------+-------------+--------------+------------+------------+


+------------------------------------------------------------------------------------------------------------------------------------------------------------------------------------+
; Hold: 'TRST'                                                                                                                                                                       ;
+-------+--------------------------------------------------+---------------------------------------------------+--------------+-------------+--------------+------------+------------+
; Slack ; From Node                                        ; To Node                                           ; Launch Clock ; Latch Clock ; Relationship ; Clock Skew ; Data Delay ;
+-------+--------------------------------------------------+---------------------------------------------------+--------------+-------------+--------------+------------+------------+
; 0.778 ; Scan_Chain:scan_instance|current_state.s_capture ; Scan_Chain:scan_instance|next_state.s_update_166  ; TCLK         ; TRST        ; 0.000        ; 1.625      ; 2.403      ;
; 0.780 ; Scan_Chain:scan_instance|current_state.s_capture ; Scan_Chain:scan_instance|next_state.s_shift_173   ; TCLK         ; TRST        ; 0.000        ; 1.631      ; 2.411      ;
; 0.862 ; Scan_Chain:scan_instance|current_state.s_idle    ; Scan_Chain:scan_instance|next_state.s_idle_194    ; TCLK         ; TRST        ; 0.000        ; 1.507      ; 2.369      ;
; 0.916 ; Scan_Chain:scan_instance|current_state.s_update  ; Scan_Chain:scan_instance|next_state.s_idle_194    ; TCLK         ; TRST        ; 0.000        ; 1.507      ; 2.423      ;
; 1.047 ; Scan_Chain:scan_instance|current_state.s_idle    ; Scan_Chain:scan_instance|next_state.s_DR_187      ; TCLK         ; TRST        ; 0.000        ; 1.632      ; 2.679      ;
; 1.187 ; Scan_Chain:scan_instance|current_state.s_shift   ; Scan_Chain:scan_instance|next_state.s_shift_173   ; TCLK         ; TRST        ; 0.000        ; 1.631      ; 2.818      ;
; 1.202 ; Scan_Chain:scan_instance|current_state.s_shift   ; Scan_Chain:scan_instance|next_state.s_update_166  ; TCLK         ; TRST        ; 0.000        ; 1.625      ; 2.827      ;
; 1.397 ; Scan_Chain:scan_instance|current_state.s_DR      ; Scan_Chain:scan_instance|next_state.s_DR_187      ; TCLK         ; TRST        ; 0.000        ; 1.632      ; 3.029      ;
; 1.579 ; Scan_Chain:scan_instance|current_state.s_DR      ; Scan_Chain:scan_instance|next_state.s_capture_180 ; TCLK         ; TRST        ; 0.000        ; 1.627      ; 3.206      ;
+-------+--------------------------------------------------+---------------------------------------------------+--------------+-------------+--------------+------------+------------+


+---------------------------------------------------------------------------------------------------------------------------------------------------------------------------------+
; Hold: 'TCLK'                                                                                                                                                                    ;
+-------+-------------------------------------------------+-------------------------------------------------+--------------+-------------+--------------+------------+------------+
; Slack ; From Node                                       ; To Node                                         ; Launch Clock ; Latch Clock ; Relationship ; Clock Skew ; Data Delay ;
+-------+-------------------------------------------------+-------------------------------------------------+--------------+-------------+--------------+------------+------------+
; 0.946 ; TRST                                            ; Scan_Chain:scan_instance|Scan_Reg:Out_Reg|L1[1] ; TRST         ; TCLK        ; 0.000        ; 7.546      ; 8.713      ;
; 0.982 ; TRST                                            ; Scan_Chain:scan_instance|Scan_Reg:In_Reg|L2[16] ; TRST         ; TCLK        ; 0.000        ; 7.546      ; 8.749      ;
; 1.019 ; TRST                                            ; Scan_Chain:scan_instance|Scan_Reg:In_Reg|L2[15] ; TRST         ; TCLK        ; 0.000        ; 7.546      ; 8.786      ;
; 1.155 ; TRST                                            ; Scan_Chain:scan_instance|Scan_Reg:In_Reg|L2[2]  ; TRST         ; TCLK        ; 0.000        ; 7.546      ; 8.922      ;
; 1.156 ; TRST                                            ; Scan_Chain:scan_instance|Scan_Reg:In_Reg|L1[1]  ; TRST         ; TCLK        ; 0.000        ; 7.546      ; 8.923      ;
; 1.168 ; TRST                                            ; Scan_Chain:scan_instance|Scan_Reg:In_Reg|L1[16] ; TRST         ; TCLK        ; 0.000        ; 7.546      ; 8.935      ;
; 1.170 ; TRST                                            ; Scan_Chain:scan_instance|Scan_Reg:In_Reg|L1[2]  ; TRST         ; TCLK        ; 0.000        ; 7.546      ; 8.937      ;
; 1.190 ; TRST                                            ; Scan_Chain:scan_instance|Scan_Reg:In_Reg|L1[15] ; TRST         ; TCLK        ; 0.000        ; 7.546      ; 8.957      ;
; 1.191 ; TRST                                            ; Scan_Chain:scan_instance|Scan_Reg:In_Reg|L1[13] ; TRST         ; TCLK        ; 0.000        ; 7.546      ; 8.958      ;
; 1.198 ; TRST                                            ; Scan_Chain:scan_instance|Scan_Reg:In_Reg|L1[6]  ; TRST         ; TCLK        ; 0.000        ; 7.546      ; 8.965      ;
; 1.273 ; TRST                                            ; Scan_Chain:scan_instance|Scan_Reg:In_Reg|L2[11] ; TRST         ; TCLK        ; 0.000        ; 7.546      ; 9.040      ;
; 1.273 ; TRST                                            ; Scan_Chain:scan_instance|Scan_Reg:In_Reg|L2[5]  ; TRST         ; TCLK        ; 0.000        ; 7.546      ; 9.040      ;
; 1.273 ; TRST                                            ; Scan_Chain:scan_instance|Scan_Reg:In_Reg|L2[6]  ; TRST         ; TCLK        ; 0.000        ; 7.546      ; 9.040      ;
; 1.273 ; TRST                                            ; Scan_Chain:scan_instance|Scan_Reg:In_Reg|L2[7]  ; TRST         ; TCLK        ; 0.000        ; 7.546      ; 9.040      ;
; 1.303 ; TRST                                            ; Scan_Chain:scan_instance|Scan_Reg:In_Reg|L1[5]  ; TRST         ; TCLK        ; 0.000        ; 7.546      ; 9.070      ;
; 1.436 ; TRST                                            ; Scan_Chain:scan_instance|Scan_Reg:In_Reg|L2[0]  ; TRST         ; TCLK        ; 0.000        ; 7.546      ; 9.203      ;
; 1.446 ; TRST                                            ; Scan_Chain:scan_instance|Scan_Reg:Out_Reg|L1[1] ; TRST         ; TCLK        ; -0.500       ; 7.546      ; 8.713      ;
; 1.459 ; TRST                                            ; Scan_Chain:scan_instance|Scan_Reg:In_Reg|L1[4]  ; TRST         ; TCLK        ; 0.000        ; 7.546      ; 9.226      ;
; 1.467 ; TRST                                            ; Scan_Chain:scan_instance|Scan_Reg:In_Reg|L1[3]  ; TRST         ; TCLK        ; 0.000        ; 7.546      ; 9.234      ;
; 1.469 ; TRST                                            ; Scan_Chain:scan_instance|Scan_Reg:In_Reg|L1[17] ; TRST         ; TCLK        ; 0.000        ; 7.546      ; 9.236      ;
; 1.470 ; TRST                                            ; Scan_Chain:scan_instance|Scan_Reg:In_Reg|L1[0]  ; TRST         ; TCLK        ; 0.000        ; 7.546      ; 9.237      ;
; 1.479 ; TRST                                            ; Scan_Chain:scan_instance|Scan_Reg:In_Reg|L2[3]  ; TRST         ; TCLK        ; 0.000        ; 7.546      ; 9.246      ;
; 1.480 ; TRST                                            ; Scan_Chain:scan_instance|Scan_Reg:In_Reg|L2[9]  ; TRST         ; TCLK        ; 0.000        ; 7.546      ; 9.247      ;
; 1.482 ; TRST                                            ; Scan_Chain:scan_instance|Scan_Reg:In_Reg|L2[16] ; TRST         ; TCLK        ; -0.500       ; 7.546      ; 8.749      ;
; 1.492 ; TRST                                            ; Scan_Chain:scan_instance|Scan_Reg:Out_Reg|L1[2] ; TRST         ; TCLK        ; 0.000        ; 7.546      ; 9.259      ;
; 1.517 ; TRST                                            ; Scan_Chain:scan_instance|Scan_Reg:Out_Reg|L1[4] ; TRST         ; TCLK        ; 0.000        ; 7.546      ; 9.284      ;
; 1.519 ; TRST                                            ; Scan_Chain:scan_instance|Scan_Reg:In_Reg|L2[15] ; TRST         ; TCLK        ; -0.500       ; 7.546      ; 8.786      ;
; 1.541 ; TRST                                            ; Scan_Chain:scan_instance|Scan_Reg:In_Reg|L1[14] ; TRST         ; TCLK        ; 0.000        ; 7.546      ; 9.308      ;
; 1.541 ; TRST                                            ; Scan_Chain:scan_instance|Scan_Reg:In_Reg|L1[12] ; TRST         ; TCLK        ; 0.000        ; 7.546      ; 9.308      ;
; 1.541 ; TRST                                            ; Scan_Chain:scan_instance|Scan_Reg:In_Reg|L1[11] ; TRST         ; TCLK        ; 0.000        ; 7.546      ; 9.308      ;
; 1.541 ; TRST                                            ; Scan_Chain:scan_instance|Scan_Reg:In_Reg|L1[10] ; TRST         ; TCLK        ; 0.000        ; 7.546      ; 9.308      ;
; 1.541 ; TRST                                            ; Scan_Chain:scan_instance|Scan_Reg:In_Reg|L1[9]  ; TRST         ; TCLK        ; 0.000        ; 7.546      ; 9.308      ;
; 1.541 ; TRST                                            ; Scan_Chain:scan_instance|Scan_Reg:In_Reg|L1[8]  ; TRST         ; TCLK        ; 0.000        ; 7.546      ; 9.308      ;
; 1.541 ; TRST                                            ; Scan_Chain:scan_instance|Scan_Reg:In_Reg|L1[7]  ; TRST         ; TCLK        ; 0.000        ; 7.546      ; 9.308      ;
; 1.550 ; TRST                                            ; Scan_Chain:scan_instance|Scan_Reg:Out_Reg|L1[3] ; TRST         ; TCLK        ; 0.000        ; 7.546      ; 9.317      ;
; 1.556 ; TRST                                            ; Scan_Chain:scan_instance|Scan_Reg:Out_Reg|L1[5] ; TRST         ; TCLK        ; 0.000        ; 7.546      ; 9.323      ;
; 1.633 ; TRST                                            ; Scan_Chain:scan_instance|Scan_Reg:In_Reg|L2[14] ; TRST         ; TCLK        ; 0.000        ; 7.546      ; 9.400      ;
; 1.642 ; Scan_Chain:scan_instance|Scan_Reg:In_Reg|L1[12] ; Scan_Chain:scan_instance|Scan_Reg:In_Reg|L1[11] ; TCLK         ; TCLK        ; 0.000        ; 0.000      ; 1.863      ;
; 1.642 ; TRST                                            ; Scan_Chain:scan_instance|Scan_Reg:In_Reg|L2[8]  ; TRST         ; TCLK        ; 0.000        ; 7.546      ; 9.409      ;
; 1.651 ; TRST                                            ; Scan_Chain:scan_instance|Scan_Reg:Out_Reg|L1[0] ; TRST         ; TCLK        ; 0.000        ; 7.546      ; 9.418      ;
; 1.655 ; TRST                                            ; Scan_Chain:scan_instance|Scan_Reg:In_Reg|L2[2]  ; TRST         ; TCLK        ; -0.500       ; 7.546      ; 8.922      ;
; 1.656 ; TRST                                            ; Scan_Chain:scan_instance|Scan_Reg:In_Reg|L1[1]  ; TRST         ; TCLK        ; -0.500       ; 7.546      ; 8.923      ;
; 1.659 ; Scan_Chain:scan_instance|Scan_Reg:In_Reg|L1[15] ; Scan_Chain:scan_instance|Scan_Reg:In_Reg|L1[14] ; TCLK         ; TCLK        ; 0.000        ; 0.000      ; 1.880      ;
; 1.660 ; Scan_Chain:scan_instance|Scan_Reg:In_Reg|L1[8]  ; Scan_Chain:scan_instance|Scan_Reg:In_Reg|L1[7]  ; TCLK         ; TCLK        ; 0.000        ; 0.000      ; 1.881      ;
; 1.664 ; Scan_Chain:scan_instance|Scan_Reg:In_Reg|L1[9]  ; Scan_Chain:scan_instance|Scan_Reg:In_Reg|L1[8]  ; TCLK         ; TCLK        ; 0.000        ; 0.000      ; 1.885      ;
; 1.667 ; Scan_Chain:scan_instance|Scan_Reg:In_Reg|L1[4]  ; Scan_Chain:scan_instance|Scan_Reg:In_Reg|L2[4]  ; TCLK         ; TCLK        ; 0.000        ; 0.000      ; 1.888      ;
; 1.668 ; TRST                                            ; Scan_Chain:scan_instance|Scan_Reg:In_Reg|L1[16] ; TRST         ; TCLK        ; -0.500       ; 7.546      ; 8.935      ;
; 1.670 ; TRST                                            ; Scan_Chain:scan_instance|Scan_Reg:In_Reg|L1[2]  ; TRST         ; TCLK        ; -0.500       ; 7.546      ; 8.937      ;
; 1.675 ; Scan_Chain:scan_instance|Scan_Reg:In_Reg|L1[3]  ; Scan_Chain:scan_instance|Scan_Reg:In_Reg|L2[3]  ; TCLK         ; TCLK        ; 0.000        ; 0.000      ; 1.896      ;
; 1.690 ; TRST                                            ; Scan_Chain:scan_instance|Scan_Reg:In_Reg|L1[15] ; TRST         ; TCLK        ; -0.500       ; 7.546      ; 8.957      ;
; 1.691 ; TRST                                            ; Scan_Chain:scan_instance|Scan_Reg:In_Reg|L1[13] ; TRST         ; TCLK        ; -0.500       ; 7.546      ; 8.958      ;
; 1.698 ; TRST                                            ; Scan_Chain:scan_instance|Scan_Reg:In_Reg|L1[6]  ; TRST         ; TCLK        ; -0.500       ; 7.546      ; 8.965      ;
; 1.700 ; TRST                                            ; Scan_Chain:scan_instance|Scan_Reg:Out_Reg|L1[6] ; TRST         ; TCLK        ; 0.000        ; 7.546      ; 9.467      ;
; 1.713 ; TRST                                            ; Scan_Chain:scan_instance|Scan_Reg:In_Reg|L2[10] ; TRST         ; TCLK        ; 0.000        ; 7.546      ; 9.480      ;
; 1.729 ; TRST                                            ; Scan_Chain:scan_instance|Scan_Reg:Out_Reg|L1[7] ; TRST         ; TCLK        ; 0.000        ; 7.546      ; 9.496      ;
; 1.743 ; TRST                                            ; Scan_Chain:scan_instance|Scan_Reg:In_Reg|L2[12] ; TRST         ; TCLK        ; 0.000        ; 7.546      ; 9.510      ;
; 1.773 ; TRST                                            ; Scan_Chain:scan_instance|Scan_Reg:In_Reg|L2[11] ; TRST         ; TCLK        ; -0.500       ; 7.546      ; 9.040      ;
; 1.773 ; TRST                                            ; Scan_Chain:scan_instance|Scan_Reg:In_Reg|L2[5]  ; TRST         ; TCLK        ; -0.500       ; 7.546      ; 9.040      ;
; 1.773 ; TRST                                            ; Scan_Chain:scan_instance|Scan_Reg:In_Reg|L2[6]  ; TRST         ; TCLK        ; -0.500       ; 7.546      ; 9.040      ;
; 1.773 ; TRST                                            ; Scan_Chain:scan_instance|Scan_Reg:In_Reg|L2[7]  ; TRST         ; TCLK        ; -0.500       ; 7.546      ; 9.040      ;
; 1.803 ; TRST                                            ; Scan_Chain:scan_instance|Scan_Reg:In_Reg|L1[5]  ; TRST         ; TCLK        ; -0.500       ; 7.546      ; 9.070      ;
; 1.936 ; TRST                                            ; Scan_Chain:scan_instance|Scan_Reg:In_Reg|L2[0]  ; TRST         ; TCLK        ; -0.500       ; 7.546      ; 9.203      ;
; 1.959 ; TRST                                            ; Scan_Chain:scan_instance|Scan_Reg:In_Reg|L1[4]  ; TRST         ; TCLK        ; -0.500       ; 7.546      ; 9.226      ;
; 1.967 ; TRST                                            ; Scan_Chain:scan_instance|Scan_Reg:In_Reg|L1[3]  ; TRST         ; TCLK        ; -0.500       ; 7.546      ; 9.234      ;
; 1.969 ; TRST                                            ; Scan_Chain:scan_instance|Scan_Reg:In_Reg|L1[17] ; TRST         ; TCLK        ; -0.500       ; 7.546      ; 9.236      ;
; 1.970 ; TRST                                            ; Scan_Chain:scan_instance|Scan_Reg:In_Reg|L1[0]  ; TRST         ; TCLK        ; -0.500       ; 7.546      ; 9.237      ;
; 1.979 ; TRST                                            ; Scan_Chain:scan_instance|Scan_Reg:In_Reg|L2[3]  ; TRST         ; TCLK        ; -0.500       ; 7.546      ; 9.246      ;
; 1.980 ; TRST                                            ; Scan_Chain:scan_instance|Scan_Reg:In_Reg|L2[9]  ; TRST         ; TCLK        ; -0.500       ; 7.546      ; 9.247      ;
; 1.992 ; TRST                                            ; Scan_Chain:scan_instance|Scan_Reg:Out_Reg|L1[2] ; TRST         ; TCLK        ; -0.500       ; 7.546      ; 9.259      ;
; 2.017 ; TRST                                            ; Scan_Chain:scan_instance|Scan_Reg:Out_Reg|L1[4] ; TRST         ; TCLK        ; -0.500       ; 7.546      ; 9.284      ;
; 2.041 ; TRST                                            ; Scan_Chain:scan_instance|Scan_Reg:In_Reg|L1[14] ; TRST         ; TCLK        ; -0.500       ; 7.546      ; 9.308      ;
; 2.041 ; TRST                                            ; Scan_Chain:scan_instance|Scan_Reg:In_Reg|L1[12] ; TRST         ; TCLK        ; -0.500       ; 7.546      ; 9.308      ;
; 2.041 ; TRST                                            ; Scan_Chain:scan_instance|Scan_Reg:In_Reg|L1[11] ; TRST         ; TCLK        ; -0.500       ; 7.546      ; 9.308      ;
; 2.041 ; TRST                                            ; Scan_Chain:scan_instance|Scan_Reg:In_Reg|L1[10] ; TRST         ; TCLK        ; -0.500       ; 7.546      ; 9.308      ;
; 2.041 ; TRST                                            ; Scan_Chain:scan_instance|Scan_Reg:In_Reg|L1[9]  ; TRST         ; TCLK        ; -0.500       ; 7.546      ; 9.308      ;
; 2.041 ; TRST                                            ; Scan_Chain:scan_instance|Scan_Reg:In_Reg|L1[8]  ; TRST         ; TCLK        ; -0.500       ; 7.546      ; 9.308      ;
; 2.041 ; TRST                                            ; Scan_Chain:scan_instance|Scan_Reg:In_Reg|L1[7]  ; TRST         ; TCLK        ; -0.500       ; 7.546      ; 9.308      ;
; 2.045 ; TRST                                            ; Scan_Chain:scan_instance|Scan_Reg:In_Reg|L2[4]  ; TRST         ; TCLK        ; 0.000        ; 7.546      ; 9.812      ;
; 2.046 ; Scan_Chain:scan_instance|Scan_Reg:In_Reg|L1[11] ; Scan_Chain:scan_instance|Scan_Reg:In_Reg|L1[10] ; TCLK         ; TCLK        ; 0.000        ; 0.000      ; 2.267      ;
; 2.050 ; TRST                                            ; Scan_Chain:scan_instance|Scan_Reg:Out_Reg|L1[3] ; TRST         ; TCLK        ; -0.500       ; 7.546      ; 9.317      ;
; 2.056 ; TRST                                            ; Scan_Chain:scan_instance|Scan_Reg:Out_Reg|L1[5] ; TRST         ; TCLK        ; -0.500       ; 7.546      ; 9.323      ;
; 2.065 ; TRST                                            ; Scan_Chain:scan_instance|Scan_Reg:In_Reg|L2[17] ; TRST         ; TCLK        ; 0.000        ; 7.546      ; 9.832      ;
; 2.085 ; Scan_Chain:scan_instance|Scan_Reg:In_Reg|L1[5]  ; Scan_Chain:scan_instance|Scan_Reg:In_Reg|L2[5]  ; TCLK         ; TCLK        ; 0.000        ; 0.000      ; 2.306      ;
; 2.118 ; Scan_Chain:scan_instance|Scan_Reg:In_Reg|L1[7]  ; Scan_Chain:scan_instance|Scan_Reg:In_Reg|L1[6]  ; TCLK         ; TCLK        ; 0.000        ; 0.000      ; 2.339      ;
; 2.120 ; Scan_Chain:scan_instance|Scan_Reg:In_Reg|L1[14] ; Scan_Chain:scan_instance|Scan_Reg:In_Reg|L1[13] ; TCLK         ; TCLK        ; 0.000        ; 0.000      ; 2.341      ;
; 2.128 ; Scan_Chain:scan_instance|Scan_Reg:Out_Reg|L1[2] ; Scan_Chain:scan_instance|Scan_Reg:Out_Reg|L1[1] ; TCLK         ; TCLK        ; 0.000        ; 0.000      ; 2.349      ;
; 2.129 ; Scan_Chain:scan_instance|Scan_Reg:In_Reg|L1[4]  ; Scan_Chain:scan_instance|Scan_Reg:In_Reg|L1[3]  ; TCLK         ; TCLK        ; 0.000        ; 0.000      ; 2.350      ;
; 2.133 ; TRST                                            ; Scan_Chain:scan_instance|Scan_Reg:In_Reg|L2[14] ; TRST         ; TCLK        ; -0.500       ; 7.546      ; 9.400      ;
; 2.142 ; TRST                                            ; Scan_Chain:scan_instance|Scan_Reg:In_Reg|L2[8]  ; TRST         ; TCLK        ; -0.500       ; 7.546      ; 9.409      ;
; 2.151 ; TRST                                            ; Scan_Chain:scan_instance|Scan_Reg:Out_Reg|L1[0] ; TRST         ; TCLK        ; -0.500       ; 7.546      ; 9.418      ;
; 2.200 ; TRST                                            ; Scan_Chain:scan_instance|Scan_Reg:Out_Reg|L1[6] ; TRST         ; TCLK        ; -0.500       ; 7.546      ; 9.467      ;
; 2.213 ; TRST                                            ; Scan_Chain:scan_instance|Scan_Reg:In_Reg|L2[10] ; TRST         ; TCLK        ; -0.500       ; 7.546      ; 9.480      ;
; 2.218 ; Scan_Chain:scan_instance|Scan_Reg:In_Reg|L1[10] ; Scan_Chain:scan_instance|Scan_Reg:In_Reg|L1[9]  ; TCLK         ; TCLK        ; 0.000        ; 0.000      ; 2.439      ;
; 2.223 ; Scan_Chain:scan_instance|Scan_Reg:Out_Reg|L1[6] ; Scan_Chain:scan_instance|Scan_Reg:Out_Reg|L1[5] ; TCLK         ; TCLK        ; 0.000        ; 0.000      ; 2.444      ;
; 2.224 ; Scan_Chain:scan_instance|Scan_Reg:In_Reg|L1[17] ; Scan_Chain:scan_instance|Scan_Reg:In_Reg|L1[16] ; TCLK         ; TCLK        ; 0.000        ; 0.000      ; 2.445      ;
; 2.229 ; TRST                                            ; Scan_Chain:scan_instance|Scan_Reg:Out_Reg|L1[7] ; TRST         ; TCLK        ; -0.500       ; 7.546      ; 9.496      ;
; 2.236 ; Scan_Chain:scan_instance|Scan_Reg:In_Reg|L1[2]  ; Scan_Chain:scan_instance|Scan_Reg:In_Reg|L1[1]  ; TCLK         ; TCLK        ; 0.000        ; 0.000      ; 2.457      ;
; 2.243 ; TRST                                            ; Scan_Chain:scan_instance|Scan_Reg:In_Reg|L2[12] ; TRST         ; TCLK        ; -0.500       ; 7.546      ; 9.510      ;
; 2.246 ; Scan_Chain:scan_instance|Scan_Reg:In_Reg|L1[3]  ; Scan_Chain:scan_instance|Scan_Reg:In_Reg|L1[2]  ; TCLK         ; TCLK        ; 0.000        ; 0.000      ; 2.467      ;
; 2.349 ; TRST                                            ; Scan_Chain:scan_instance|Scan_Reg:In_Reg|L2[13] ; TRST         ; TCLK        ; 0.000        ; 7.546      ; 10.116     ;
+-------+-------------------------------------------------+-------------------------------------------------+--------------+-------------+--------------+------------+------------+


+---------------------------------------------------------------------------------------------------------------------------------------------+
; Recovery: 'TCLK'                                                                                                                            ;
+--------+-----------+--------------------------------------------------+--------------+-------------+--------------+------------+------------+
; Slack  ; From Node ; To Node                                          ; Launch Clock ; Latch Clock ; Relationship ; Clock Skew ; Data Delay ;
+--------+-----------+--------------------------------------------------+--------------+-------------+--------------+------------+------------+
; -1.688 ; TRST      ; Scan_Chain:scan_instance|current_state.s_capture ; TRST         ; TCLK        ; 0.500        ; 7.546      ; 9.401      ;
; -1.688 ; TRST      ; Scan_Chain:scan_instance|current_state.s_shift   ; TRST         ; TCLK        ; 0.500        ; 7.546      ; 9.401      ;
; -1.688 ; TRST      ; Scan_Chain:scan_instance|current_state.s_idle    ; TRST         ; TCLK        ; 0.500        ; 7.546      ; 9.401      ;
; -1.688 ; TRST      ; Scan_Chain:scan_instance|current_state.s_update  ; TRST         ; TCLK        ; 0.500        ; 7.546      ; 9.401      ;
; -1.688 ; TRST      ; Scan_Chain:scan_instance|current_state.s_DR      ; TRST         ; TCLK        ; 0.500        ; 7.546      ; 9.401      ;
; -1.188 ; TRST      ; Scan_Chain:scan_instance|current_state.s_capture ; TRST         ; TCLK        ; 1.000        ; 7.546      ; 9.401      ;
; -1.188 ; TRST      ; Scan_Chain:scan_instance|current_state.s_shift   ; TRST         ; TCLK        ; 1.000        ; 7.546      ; 9.401      ;
; -1.188 ; TRST      ; Scan_Chain:scan_instance|current_state.s_idle    ; TRST         ; TCLK        ; 1.000        ; 7.546      ; 9.401      ;
; -1.188 ; TRST      ; Scan_Chain:scan_instance|current_state.s_update  ; TRST         ; TCLK        ; 1.000        ; 7.546      ; 9.401      ;
; -1.188 ; TRST      ; Scan_Chain:scan_instance|current_state.s_DR      ; TRST         ; TCLK        ; 1.000        ; 7.546      ; 9.401      ;
+--------+-----------+--------------------------------------------------+--------------+-------------+--------------+------------+------------+


+--------------------------------------------------------------------------------------------------------------------------------------------+
; Removal: 'TCLK'                                                                                                                            ;
+-------+-----------+--------------------------------------------------+--------------+-------------+--------------+------------+------------+
; Slack ; From Node ; To Node                                          ; Launch Clock ; Latch Clock ; Relationship ; Clock Skew ; Data Delay ;
+-------+-----------+--------------------------------------------------+--------------+-------------+--------------+------------+------------+
; 1.634 ; TRST      ; Scan_Chain:scan_instance|current_state.s_capture ; TRST         ; TCLK        ; 0.000        ; 7.546      ; 9.401      ;
; 1.634 ; TRST      ; Scan_Chain:scan_instance|current_state.s_shift   ; TRST         ; TCLK        ; 0.000        ; 7.546      ; 9.401      ;
; 1.634 ; TRST      ; Scan_Chain:scan_instance|current_state.s_idle    ; TRST         ; TCLK        ; 0.000        ; 7.546      ; 9.401      ;
; 1.634 ; TRST      ; Scan_Chain:scan_instance|current_state.s_update  ; TRST         ; TCLK        ; 0.000        ; 7.546      ; 9.401      ;
; 1.634 ; TRST      ; Scan_Chain:scan_instance|current_state.s_DR      ; TRST         ; TCLK        ; 0.000        ; 7.546      ; 9.401      ;
; 2.134 ; TRST      ; Scan_Chain:scan_instance|current_state.s_capture ; TRST         ; TCLK        ; -0.500       ; 7.546      ; 9.401      ;
; 2.134 ; TRST      ; Scan_Chain:scan_instance|current_state.s_shift   ; TRST         ; TCLK        ; -0.500       ; 7.546      ; 9.401      ;
; 2.134 ; TRST      ; Scan_Chain:scan_instance|current_state.s_idle    ; TRST         ; TCLK        ; -0.500       ; 7.546      ; 9.401      ;
; 2.134 ; TRST      ; Scan_Chain:scan_instance|current_state.s_update  ; TRST         ; TCLK        ; -0.500       ; 7.546      ; 9.401      ;
; 2.134 ; TRST      ; Scan_Chain:scan_instance|current_state.s_DR      ; TRST         ; TCLK        ; -0.500       ; 7.546      ; 9.401      ;
+-------+-----------+--------------------------------------------------+--------------+-------------+--------------+------------+------------+


+-----------------------------------------------------------------------------------------------------------------------------------+
; Minimum Pulse Width: 'TCLK'                                                                                                       ;
+--------+--------------+----------------+------------------+-------+------------+--------------------------------------------------+
; Slack  ; Actual Width ; Required Width ; Type             ; Clock ; Clock Edge ; Target                                           ;
+--------+--------------+----------------+------------------+-------+------------+--------------------------------------------------+
; -2.289 ; 1.000        ; 3.289          ; Port Rate        ; TCLK  ; Rise       ; TCLK                                             ;
; 0.234  ; 0.500        ; 0.266          ; High Pulse Width ; TCLK  ; Rise       ; Scan_Chain:scan_instance|Scan_Reg:In_Reg|L1[0]   ;
; 0.234  ; 0.500        ; 0.266          ; Low Pulse Width  ; TCLK  ; Rise       ; Scan_Chain:scan_instance|Scan_Reg:In_Reg|L1[0]   ;
; 0.234  ; 0.500        ; 0.266          ; High Pulse Width ; TCLK  ; Rise       ; Scan_Chain:scan_instance|Scan_Reg:In_Reg|L1[10]  ;
; 0.234  ; 0.500        ; 0.266          ; Low Pulse Width  ; TCLK  ; Rise       ; Scan_Chain:scan_instance|Scan_Reg:In_Reg|L1[10]  ;
; 0.234  ; 0.500        ; 0.266          ; High Pulse Width ; TCLK  ; Rise       ; Scan_Chain:scan_instance|Scan_Reg:In_Reg|L1[11]  ;
; 0.234  ; 0.500        ; 0.266          ; Low Pulse Width  ; TCLK  ; Rise       ; Scan_Chain:scan_instance|Scan_Reg:In_Reg|L1[11]  ;
; 0.234  ; 0.500        ; 0.266          ; High Pulse Width ; TCLK  ; Rise       ; Scan_Chain:scan_instance|Scan_Reg:In_Reg|L1[12]  ;
; 0.234  ; 0.500        ; 0.266          ; Low Pulse Width  ; TCLK  ; Rise       ; Scan_Chain:scan_instance|Scan_Reg:In_Reg|L1[12]  ;
; 0.234  ; 0.500        ; 0.266          ; High Pulse Width ; TCLK  ; Rise       ; Scan_Chain:scan_instance|Scan_Reg:In_Reg|L1[13]  ;
; 0.234  ; 0.500        ; 0.266          ; Low Pulse Width  ; TCLK  ; Rise       ; Scan_Chain:scan_instance|Scan_Reg:In_Reg|L1[13]  ;
; 0.234  ; 0.500        ; 0.266          ; High Pulse Width ; TCLK  ; Rise       ; Scan_Chain:scan_instance|Scan_Reg:In_Reg|L1[14]  ;
; 0.234  ; 0.500        ; 0.266          ; Low Pulse Width  ; TCLK  ; Rise       ; Scan_Chain:scan_instance|Scan_Reg:In_Reg|L1[14]  ;
; 0.234  ; 0.500        ; 0.266          ; High Pulse Width ; TCLK  ; Rise       ; Scan_Chain:scan_instance|Scan_Reg:In_Reg|L1[15]  ;
; 0.234  ; 0.500        ; 0.266          ; Low Pulse Width  ; TCLK  ; Rise       ; Scan_Chain:scan_instance|Scan_Reg:In_Reg|L1[15]  ;
; 0.234  ; 0.500        ; 0.266          ; High Pulse Width ; TCLK  ; Rise       ; Scan_Chain:scan_instance|Scan_Reg:In_Reg|L1[16]  ;
; 0.234  ; 0.500        ; 0.266          ; Low Pulse Width  ; TCLK  ; Rise       ; Scan_Chain:scan_instance|Scan_Reg:In_Reg|L1[16]  ;
; 0.234  ; 0.500        ; 0.266          ; High Pulse Width ; TCLK  ; Rise       ; Scan_Chain:scan_instance|Scan_Reg:In_Reg|L1[17]  ;
; 0.234  ; 0.500        ; 0.266          ; Low Pulse Width  ; TCLK  ; Rise       ; Scan_Chain:scan_instance|Scan_Reg:In_Reg|L1[17]  ;
; 0.234  ; 0.500        ; 0.266          ; High Pulse Width ; TCLK  ; Rise       ; Scan_Chain:scan_instance|Scan_Reg:In_Reg|L1[1]   ;
; 0.234  ; 0.500        ; 0.266          ; Low Pulse Width  ; TCLK  ; Rise       ; Scan_Chain:scan_instance|Scan_Reg:In_Reg|L1[1]   ;
; 0.234  ; 0.500        ; 0.266          ; High Pulse Width ; TCLK  ; Rise       ; Scan_Chain:scan_instance|Scan_Reg:In_Reg|L1[2]   ;
; 0.234  ; 0.500        ; 0.266          ; Low Pulse Width  ; TCLK  ; Rise       ; Scan_Chain:scan_instance|Scan_Reg:In_Reg|L1[2]   ;
; 0.234  ; 0.500        ; 0.266          ; High Pulse Width ; TCLK  ; Rise       ; Scan_Chain:scan_instance|Scan_Reg:In_Reg|L1[3]   ;
; 0.234  ; 0.500        ; 0.266          ; Low Pulse Width  ; TCLK  ; Rise       ; Scan_Chain:scan_instance|Scan_Reg:In_Reg|L1[3]   ;
; 0.234  ; 0.500        ; 0.266          ; High Pulse Width ; TCLK  ; Rise       ; Scan_Chain:scan_instance|Scan_Reg:In_Reg|L1[4]   ;
; 0.234  ; 0.500        ; 0.266          ; Low Pulse Width  ; TCLK  ; Rise       ; Scan_Chain:scan_instance|Scan_Reg:In_Reg|L1[4]   ;
; 0.234  ; 0.500        ; 0.266          ; High Pulse Width ; TCLK  ; Rise       ; Scan_Chain:scan_instance|Scan_Reg:In_Reg|L1[5]   ;
; 0.234  ; 0.500        ; 0.266          ; Low Pulse Width  ; TCLK  ; Rise       ; Scan_Chain:scan_instance|Scan_Reg:In_Reg|L1[5]   ;
; 0.234  ; 0.500        ; 0.266          ; High Pulse Width ; TCLK  ; Rise       ; Scan_Chain:scan_instance|Scan_Reg:In_Reg|L1[6]   ;
; 0.234  ; 0.500        ; 0.266          ; Low Pulse Width  ; TCLK  ; Rise       ; Scan_Chain:scan_instance|Scan_Reg:In_Reg|L1[6]   ;
; 0.234  ; 0.500        ; 0.266          ; High Pulse Width ; TCLK  ; Rise       ; Scan_Chain:scan_instance|Scan_Reg:In_Reg|L1[7]   ;
; 0.234  ; 0.500        ; 0.266          ; Low Pulse Width  ; TCLK  ; Rise       ; Scan_Chain:scan_instance|Scan_Reg:In_Reg|L1[7]   ;
; 0.234  ; 0.500        ; 0.266          ; High Pulse Width ; TCLK  ; Rise       ; Scan_Chain:scan_instance|Scan_Reg:In_Reg|L1[8]   ;
; 0.234  ; 0.500        ; 0.266          ; Low Pulse Width  ; TCLK  ; Rise       ; Scan_Chain:scan_instance|Scan_Reg:In_Reg|L1[8]   ;
; 0.234  ; 0.500        ; 0.266          ; High Pulse Width ; TCLK  ; Rise       ; Scan_Chain:scan_instance|Scan_Reg:In_Reg|L1[9]   ;
; 0.234  ; 0.500        ; 0.266          ; Low Pulse Width  ; TCLK  ; Rise       ; Scan_Chain:scan_instance|Scan_Reg:In_Reg|L1[9]   ;
; 0.234  ; 0.500        ; 0.266          ; High Pulse Width ; TCLK  ; Rise       ; Scan_Chain:scan_instance|Scan_Reg:In_Reg|L2[0]   ;
; 0.234  ; 0.500        ; 0.266          ; Low Pulse Width  ; TCLK  ; Rise       ; Scan_Chain:scan_instance|Scan_Reg:In_Reg|L2[0]   ;
; 0.234  ; 0.500        ; 0.266          ; High Pulse Width ; TCLK  ; Rise       ; Scan_Chain:scan_instance|Scan_Reg:In_Reg|L2[10]  ;
; 0.234  ; 0.500        ; 0.266          ; Low Pulse Width  ; TCLK  ; Rise       ; Scan_Chain:scan_instance|Scan_Reg:In_Reg|L2[10]  ;
; 0.234  ; 0.500        ; 0.266          ; High Pulse Width ; TCLK  ; Rise       ; Scan_Chain:scan_instance|Scan_Reg:In_Reg|L2[11]  ;
; 0.234  ; 0.500        ; 0.266          ; Low Pulse Width  ; TCLK  ; Rise       ; Scan_Chain:scan_instance|Scan_Reg:In_Reg|L2[11]  ;
; 0.234  ; 0.500        ; 0.266          ; High Pulse Width ; TCLK  ; Rise       ; Scan_Chain:scan_instance|Scan_Reg:In_Reg|L2[12]  ;
; 0.234  ; 0.500        ; 0.266          ; Low Pulse Width  ; TCLK  ; Rise       ; Scan_Chain:scan_instance|Scan_Reg:In_Reg|L2[12]  ;
; 0.234  ; 0.500        ; 0.266          ; High Pulse Width ; TCLK  ; Rise       ; Scan_Chain:scan_instance|Scan_Reg:In_Reg|L2[13]  ;
; 0.234  ; 0.500        ; 0.266          ; Low Pulse Width  ; TCLK  ; Rise       ; Scan_Chain:scan_instance|Scan_Reg:In_Reg|L2[13]  ;
; 0.234  ; 0.500        ; 0.266          ; High Pulse Width ; TCLK  ; Rise       ; Scan_Chain:scan_instance|Scan_Reg:In_Reg|L2[14]  ;
; 0.234  ; 0.500        ; 0.266          ; Low Pulse Width  ; TCLK  ; Rise       ; Scan_Chain:scan_instance|Scan_Reg:In_Reg|L2[14]  ;
; 0.234  ; 0.500        ; 0.266          ; High Pulse Width ; TCLK  ; Rise       ; Scan_Chain:scan_instance|Scan_Reg:In_Reg|L2[15]  ;
; 0.234  ; 0.500        ; 0.266          ; Low Pulse Width  ; TCLK  ; Rise       ; Scan_Chain:scan_instance|Scan_Reg:In_Reg|L2[15]  ;
; 0.234  ; 0.500        ; 0.266          ; High Pulse Width ; TCLK  ; Rise       ; Scan_Chain:scan_instance|Scan_Reg:In_Reg|L2[16]  ;
; 0.234  ; 0.500        ; 0.266          ; Low Pulse Width  ; TCLK  ; Rise       ; Scan_Chain:scan_instance|Scan_Reg:In_Reg|L2[16]  ;
; 0.234  ; 0.500        ; 0.266          ; High Pulse Width ; TCLK  ; Rise       ; Scan_Chain:scan_instance|Scan_Reg:In_Reg|L2[17]  ;
; 0.234  ; 0.500        ; 0.266          ; Low Pulse Width  ; TCLK  ; Rise       ; Scan_Chain:scan_instance|Scan_Reg:In_Reg|L2[17]  ;
; 0.234  ; 0.500        ; 0.266          ; High Pulse Width ; TCLK  ; Rise       ; Scan_Chain:scan_instance|Scan_Reg:In_Reg|L2[1]   ;
; 0.234  ; 0.500        ; 0.266          ; Low Pulse Width  ; TCLK  ; Rise       ; Scan_Chain:scan_instance|Scan_Reg:In_Reg|L2[1]   ;
; 0.234  ; 0.500        ; 0.266          ; High Pulse Width ; TCLK  ; Rise       ; Scan_Chain:scan_instance|Scan_Reg:In_Reg|L2[2]   ;
; 0.234  ; 0.500        ; 0.266          ; Low Pulse Width  ; TCLK  ; Rise       ; Scan_Chain:scan_instance|Scan_Reg:In_Reg|L2[2]   ;
; 0.234  ; 0.500        ; 0.266          ; High Pulse Width ; TCLK  ; Rise       ; Scan_Chain:scan_instance|Scan_Reg:In_Reg|L2[3]   ;
; 0.234  ; 0.500        ; 0.266          ; Low Pulse Width  ; TCLK  ; Rise       ; Scan_Chain:scan_instance|Scan_Reg:In_Reg|L2[3]   ;
; 0.234  ; 0.500        ; 0.266          ; High Pulse Width ; TCLK  ; Rise       ; Scan_Chain:scan_instance|Scan_Reg:In_Reg|L2[4]   ;
; 0.234  ; 0.500        ; 0.266          ; Low Pulse Width  ; TCLK  ; Rise       ; Scan_Chain:scan_instance|Scan_Reg:In_Reg|L2[4]   ;
; 0.234  ; 0.500        ; 0.266          ; High Pulse Width ; TCLK  ; Rise       ; Scan_Chain:scan_instance|Scan_Reg:In_Reg|L2[5]   ;
; 0.234  ; 0.500        ; 0.266          ; Low Pulse Width  ; TCLK  ; Rise       ; Scan_Chain:scan_instance|Scan_Reg:In_Reg|L2[5]   ;
; 0.234  ; 0.500        ; 0.266          ; High Pulse Width ; TCLK  ; Rise       ; Scan_Chain:scan_instance|Scan_Reg:In_Reg|L2[6]   ;
; 0.234  ; 0.500        ; 0.266          ; Low Pulse Width  ; TCLK  ; Rise       ; Scan_Chain:scan_instance|Scan_Reg:In_Reg|L2[6]   ;
; 0.234  ; 0.500        ; 0.266          ; High Pulse Width ; TCLK  ; Rise       ; Scan_Chain:scan_instance|Scan_Reg:In_Reg|L2[7]   ;
; 0.234  ; 0.500        ; 0.266          ; Low Pulse Width  ; TCLK  ; Rise       ; Scan_Chain:scan_instance|Scan_Reg:In_Reg|L2[7]   ;
; 0.234  ; 0.500        ; 0.266          ; High Pulse Width ; TCLK  ; Rise       ; Scan_Chain:scan_instance|Scan_Reg:In_Reg|L2[8]   ;
; 0.234  ; 0.500        ; 0.266          ; Low Pulse Width  ; TCLK  ; Rise       ; Scan_Chain:scan_instance|Scan_Reg:In_Reg|L2[8]   ;
; 0.234  ; 0.500        ; 0.266          ; High Pulse Width ; TCLK  ; Rise       ; Scan_Chain:scan_instance|Scan_Reg:In_Reg|L2[9]   ;
; 0.234  ; 0.500        ; 0.266          ; Low Pulse Width  ; TCLK  ; Rise       ; Scan_Chain:scan_instance|Scan_Reg:In_Reg|L2[9]   ;
; 0.234  ; 0.500        ; 0.266          ; High Pulse Width ; TCLK  ; Rise       ; Scan_Chain:scan_instance|Scan_Reg:Out_Reg|L1[0]  ;
; 0.234  ; 0.500        ; 0.266          ; Low Pulse Width  ; TCLK  ; Rise       ; Scan_Chain:scan_instance|Scan_Reg:Out_Reg|L1[0]  ;
; 0.234  ; 0.500        ; 0.266          ; High Pulse Width ; TCLK  ; Rise       ; Scan_Chain:scan_instance|Scan_Reg:Out_Reg|L1[1]  ;
; 0.234  ; 0.500        ; 0.266          ; Low Pulse Width  ; TCLK  ; Rise       ; Scan_Chain:scan_instance|Scan_Reg:Out_Reg|L1[1]  ;
; 0.234  ; 0.500        ; 0.266          ; High Pulse Width ; TCLK  ; Rise       ; Scan_Chain:scan_instance|Scan_Reg:Out_Reg|L1[2]  ;
; 0.234  ; 0.500        ; 0.266          ; Low Pulse Width  ; TCLK  ; Rise       ; Scan_Chain:scan_instance|Scan_Reg:Out_Reg|L1[2]  ;
; 0.234  ; 0.500        ; 0.266          ; High Pulse Width ; TCLK  ; Rise       ; Scan_Chain:scan_instance|Scan_Reg:Out_Reg|L1[3]  ;
; 0.234  ; 0.500        ; 0.266          ; Low Pulse Width  ; TCLK  ; Rise       ; Scan_Chain:scan_instance|Scan_Reg:Out_Reg|L1[3]  ;
; 0.234  ; 0.500        ; 0.266          ; High Pulse Width ; TCLK  ; Rise       ; Scan_Chain:scan_instance|Scan_Reg:Out_Reg|L1[4]  ;
; 0.234  ; 0.500        ; 0.266          ; Low Pulse Width  ; TCLK  ; Rise       ; Scan_Chain:scan_instance|Scan_Reg:Out_Reg|L1[4]  ;
; 0.234  ; 0.500        ; 0.266          ; High Pulse Width ; TCLK  ; Rise       ; Scan_Chain:scan_instance|Scan_Reg:Out_Reg|L1[5]  ;
; 0.234  ; 0.500        ; 0.266          ; Low Pulse Width  ; TCLK  ; Rise       ; Scan_Chain:scan_instance|Scan_Reg:Out_Reg|L1[5]  ;
; 0.234  ; 0.500        ; 0.266          ; High Pulse Width ; TCLK  ; Rise       ; Scan_Chain:scan_instance|Scan_Reg:Out_Reg|L1[6]  ;
; 0.234  ; 0.500        ; 0.266          ; Low Pulse Width  ; TCLK  ; Rise       ; Scan_Chain:scan_instance|Scan_Reg:Out_Reg|L1[6]  ;
; 0.234  ; 0.500        ; 0.266          ; High Pulse Width ; TCLK  ; Rise       ; Scan_Chain:scan_instance|Scan_Reg:Out_Reg|L1[7]  ;
; 0.234  ; 0.500        ; 0.266          ; Low Pulse Width  ; TCLK  ; Rise       ; Scan_Chain:scan_instance|Scan_Reg:Out_Reg|L1[7]  ;
; 0.234  ; 0.500        ; 0.266          ; High Pulse Width ; TCLK  ; Rise       ; Scan_Chain:scan_instance|current_state.s_DR      ;
; 0.234  ; 0.500        ; 0.266          ; Low Pulse Width  ; TCLK  ; Rise       ; Scan_Chain:scan_instance|current_state.s_DR      ;
; 0.234  ; 0.500        ; 0.266          ; High Pulse Width ; TCLK  ; Rise       ; Scan_Chain:scan_instance|current_state.s_capture ;
; 0.234  ; 0.500        ; 0.266          ; Low Pulse Width  ; TCLK  ; Rise       ; Scan_Chain:scan_instance|current_state.s_capture ;
; 0.234  ; 0.500        ; 0.266          ; High Pulse Width ; TCLK  ; Rise       ; Scan_Chain:scan_instance|current_state.s_idle    ;
; 0.234  ; 0.500        ; 0.266          ; Low Pulse Width  ; TCLK  ; Rise       ; Scan_Chain:scan_instance|current_state.s_idle    ;
; 0.234  ; 0.500        ; 0.266          ; High Pulse Width ; TCLK  ; Rise       ; Scan_Chain:scan_instance|current_state.s_shift   ;
; 0.234  ; 0.500        ; 0.266          ; Low Pulse Width  ; TCLK  ; Rise       ; Scan_Chain:scan_instance|current_state.s_shift   ;
; 0.234  ; 0.500        ; 0.266          ; High Pulse Width ; TCLK  ; Rise       ; Scan_Chain:scan_instance|current_state.s_update  ;
; 0.234  ; 0.500        ; 0.266          ; Low Pulse Width  ; TCLK  ; Rise       ; Scan_Chain:scan_instance|current_state.s_update  ;
; 0.500  ; 0.500        ; 0.000          ; High Pulse Width ; TCLK  ; Rise       ; TCLK|combout                                     ;
+--------+--------------+----------------+------------------+-------+------------+--------------------------------------------------+


+------------------------------------------------------------------------------------------------------------------------------------+
; Minimum Pulse Width: 'TRST'                                                                                                        ;
+--------+--------------+----------------+------------------+-------+------------+---------------------------------------------------+
; Slack  ; Actual Width ; Required Width ; Type             ; Clock ; Clock Edge ; Target                                            ;
+--------+--------------+----------------+------------------+-------+------------+---------------------------------------------------+
; -2.289 ; 1.000        ; 3.289          ; Port Rate        ; TRST  ; Rise       ; TRST                                              ;
; 0.500  ; 0.500        ; 0.000          ; High Pulse Width ; TRST  ; Rise       ; Scan_Chain:scan_instance|next_state.s_DR_187      ;
; 0.500  ; 0.500        ; 0.000          ; Low Pulse Width  ; TRST  ; Rise       ; Scan_Chain:scan_instance|next_state.s_DR_187      ;
; 0.500  ; 0.500        ; 0.000          ; High Pulse Width ; TRST  ; Rise       ; Scan_Chain:scan_instance|next_state.s_capture_180 ;
; 0.500  ; 0.500        ; 0.000          ; Low Pulse Width  ; TRST  ; Rise       ; Scan_Chain:scan_instance|next_state.s_capture_180 ;
; 0.500  ; 0.500        ; 0.000          ; High Pulse Width ; TRST  ; Rise       ; Scan_Chain:scan_instance|next_state.s_idle_194    ;
; 0.500  ; 0.500        ; 0.000          ; Low Pulse Width  ; TRST  ; Rise       ; Scan_Chain:scan_instance|next_state.s_idle_194    ;
; 0.500  ; 0.500        ; 0.000          ; High Pulse Width ; TRST  ; Rise       ; Scan_Chain:scan_instance|next_state.s_shift_173   ;
; 0.500  ; 0.500        ; 0.000          ; Low Pulse Width  ; TRST  ; Rise       ; Scan_Chain:scan_instance|next_state.s_shift_173   ;
; 0.500  ; 0.500        ; 0.000          ; High Pulse Width ; TRST  ; Rise       ; Scan_Chain:scan_instance|next_state.s_update_166  ;
; 0.500  ; 0.500        ; 0.000          ; Low Pulse Width  ; TRST  ; Rise       ; Scan_Chain:scan_instance|next_state.s_update_166  ;
; 0.500  ; 0.500        ; 0.000          ; High Pulse Width ; TRST  ; Rise       ; TRST|combout                                      ;
; 0.500  ; 0.500        ; 0.000          ; Low Pulse Width  ; TRST  ; Rise       ; TRST|combout                                      ;
; 0.500  ; 0.500        ; 0.000          ; High Pulse Width ; TRST  ; Rise       ; scan_instance|current_state.s_DR|datab            ;
; 0.500  ; 0.500        ; 0.000          ; Low Pulse Width  ; TRST  ; Rise       ; scan_instance|current_state.s_DR|datab            ;
; 0.500  ; 0.500        ; 0.000          ; High Pulse Width ; TRST  ; Rise       ; scan_instance|current_state.s_capture|datab       ;
; 0.500  ; 0.500        ; 0.000          ; Low Pulse Width  ; TRST  ; Rise       ; scan_instance|current_state.s_capture|datab       ;
; 0.500  ; 0.500        ; 0.000          ; High Pulse Width ; TRST  ; Rise       ; scan_instance|current_state.s_shift|datab         ;
; 0.500  ; 0.500        ; 0.000          ; Low Pulse Width  ; TRST  ; Rise       ; scan_instance|current_state.s_shift|datab         ;
; 0.500  ; 0.500        ; 0.000          ; High Pulse Width ; TRST  ; Rise       ; scan_instance|current_state.s_update|datab        ;
; 0.500  ; 0.500        ; 0.000          ; Low Pulse Width  ; TRST  ; Rise       ; scan_instance|current_state.s_update|datab        ;
; 0.500  ; 0.500        ; 0.000          ; High Pulse Width ; TRST  ; Rise       ; scan_instance|next_state.s_idle_194|datab         ;
; 0.500  ; 0.500        ; 0.000          ; Low Pulse Width  ; TRST  ; Rise       ; scan_instance|next_state.s_idle_194|datab         ;
+--------+--------------+----------------+------------------+-------+------------+---------------------------------------------------+


+-------------------------------------------------------------------------+
; Setup Times                                                             ;
+-----------+------------+--------+--------+------------+-----------------+
; Data Port ; Clock Port ; Rise   ; Fall   ; Clock Edge ; Clock Reference ;
+-----------+------------+--------+--------+------------+-----------------+
; TDI       ; TCLK       ; -0.797 ; -0.797 ; Rise       ; TCLK            ;
; TMS       ; TCLK       ; 3.643  ; 3.643  ; Rise       ; TCLK            ;
; TRST      ; TCLK       ; 5.553  ; 5.553  ; Rise       ; TCLK            ;
; TMS       ; TRST       ; -0.815 ; -0.815 ; Rise       ; TRST            ;
+-----------+------------+--------+--------+------------+-----------------+


+-------------------------------------------------------------------------+
; Hold Times                                                              ;
+-----------+------------+--------+--------+------------+-----------------+
; Data Port ; Clock Port ; Rise   ; Fall   ; Clock Edge ; Clock Reference ;
+-----------+------------+--------+--------+------------+-----------------+
; TDI       ; TCLK       ; 1.351  ; 1.351  ; Rise       ; TCLK            ;
; TMS       ; TCLK       ; -0.136 ; -0.136 ; Rise       ; TCLK            ;
; TRST      ; TCLK       ; -0.946 ; -0.946 ; Rise       ; TCLK            ;
; TMS       ; TRST       ; 3.521  ; 3.521  ; Rise       ; TRST            ;
+-----------+------------+--------+--------+------------+-----------------+


+-------------------------------------------------------------------------+
; Clock to Output Times                                                   ;
+-----------+------------+--------+--------+------------+-----------------+
; Data Port ; Clock Port ; Rise   ; Fall   ; Clock Edge ; Clock Reference ;
+-----------+------------+--------+--------+------------+-----------------+
; TDO       ; TCLK       ; 12.788 ; 12.788 ; Rise       ; TCLK            ;
+-----------+------------+--------+--------+------------+-----------------+


+-------------------------------------------------------------------------+
; Minimum Clock to Output Times                                           ;
+-----------+------------+--------+--------+------------+-----------------+
; Data Port ; Clock Port ; Rise   ; Fall   ; Clock Edge ; Clock Reference ;
+-----------+------------+--------+--------+------------+-----------------+
; TDO       ; TCLK       ; 12.788 ; 12.788 ; Rise       ; TCLK            ;
+-----------+------------+--------+--------+------------+-----------------+


+-------------------------------------------------------------------+
; Setup Transfers                                                   ;
+------------+----------+----------+----------+----------+----------+
; From Clock ; To Clock ; RR Paths ; FR Paths ; RF Paths ; FF Paths ;
+------------+----------+----------+----------+----------+----------+
; TCLK       ; TCLK     ; 687      ; 0        ; 0        ; 0        ;
; TRST       ; TCLK     ; 380      ; 375      ; 0        ; 0        ;
; TCLK       ; TRST     ; 9        ; 0        ; 0        ; 0        ;
+------------+----------+----------+----------+----------+----------+
Entries labeled "false path" only account for clock-to-clock false paths and not path-based false paths. As a result, actual path counts may be lower than reported.


+-------------------------------------------------------------------+
; Hold Transfers                                                    ;
+------------+----------+----------+----------+----------+----------+
; From Clock ; To Clock ; RR Paths ; FR Paths ; RF Paths ; FF Paths ;
+------------+----------+----------+----------+----------+----------+
; TCLK       ; TCLK     ; 687      ; 0        ; 0        ; 0        ;
; TRST       ; TCLK     ; 380      ; 375      ; 0        ; 0        ;
; TCLK       ; TRST     ; 9        ; 0        ; 0        ; 0        ;
+------------+----------+----------+----------+----------+----------+
Entries labeled "false path" only account for clock-to-clock false paths and not path-based false paths. As a result, actual path counts may be lower than reported.


+-------------------------------------------------------------------+
; Recovery Transfers                                                ;
+------------+----------+----------+----------+----------+----------+
; From Clock ; To Clock ; RR Paths ; FR Paths ; RF Paths ; FF Paths ;
+------------+----------+----------+----------+----------+----------+
; TRST       ; TCLK     ; 5        ; 5        ; 0        ; 0        ;
+------------+----------+----------+----------+----------+----------+
Entries labeled "false path" only account for clock-to-clock false paths and not path-based false paths. As a result, actual path counts may be lower than reported.


+-------------------------------------------------------------------+
; Removal Transfers                                                 ;
+------------+----------+----------+----------+----------+----------+
; From Clock ; To Clock ; RR Paths ; FR Paths ; RF Paths ; FF Paths ;
+------------+----------+----------+----------+----------+----------+
; TRST       ; TCLK     ; 5        ; 5        ; 0        ; 0        ;
+------------+----------+----------+----------+----------+----------+
Entries labeled "false path" only account for clock-to-clock false paths and not path-based false paths. As a result, actual path counts may be lower than reported.


---------------
; Report TCCS ;
---------------
No dedicated SERDES Transmitter circuitry present in device or used in design


---------------
; Report RSKM ;
---------------
No dedicated SERDES Receiver circuitry present in device or used in design


+------------------------------------------------+
; Unconstrained Paths                            ;
+---------------------------------+-------+------+
; Property                        ; Setup ; Hold ;
+---------------------------------+-------+------+
; Illegal Clocks                  ; 0     ; 0    ;
; Unconstrained Clocks            ; 0     ; 0    ;
; Unconstrained Input Ports       ; 2     ; 2    ;
; Unconstrained Input Port Paths  ; 50    ; 50   ;
; Unconstrained Output Ports      ; 1     ; 1    ;
; Unconstrained Output Port Paths ; 1     ; 1    ;
+---------------------------------+-------+------+


+------------------------------------+
; TimeQuest Timing Analyzer Messages ;
+------------------------------------+
Info: *******************************************************************
Info: Running Quartus II 32-bit TimeQuest Timing Analyzer
    Info: Version 12.0 Build 178 05/31/2012 SJ Web Edition
    Info: Processing started: Thu Feb 18 15:13:13 2016
Info: Command: quartus_sta TopLevel -c TopLevel
Info: qsta_default_script.tcl version: #4
Warning (20028): Parallel compilation is not licensed and has been disabled
Info (21077): Low junction temperature is 0 degrees C
Info (21077): High junction temperature is 85 degrees C
Info (306004): Started post-fitting delay annotation
Info (306005): Delay annotation completed successfully
Warning (335093): TimeQuest Timing Analyzer is analyzing 5 combinational loops as latches.
Critical Warning (332012): Synopsys Design Constraints File file not found: 'TopLevel.sdc'. A Synopsys Design Constraints File is required by the TimeQuest Timing Analyzer to get proper timing constraints. Without it, the Compiler will not properly optimize the design.
Info (332142): No user constrained base clocks found in the design. Calling "derive_clocks -period 1.0"
Info (332105): Deriving Clocks
    Info (332105): create_clock -period 1.000 -name TCLK TCLK
    Info (332105): create_clock -period 1.000 -name TRST TRST
Info: Found TIMEQUEST_REPORT_SCRIPT_INCLUDE_DEFAULT_ANALYSIS = ON
Critical Warning (332148): Timing requirements not met
Info (332146): Worst-case setup slack is -10.465
    Info (332119):     Slack End Point TNS Clock 
    Info (332119): ========= ============= =====================
    Info (332119):   -10.465      -330.146 TCLK 
    Info (332119):    -2.635       -11.773 TRST 
Info (332146): Worst-case hold slack is 0.778
    Info (332119):     Slack End Point TNS Clock 
    Info (332119): ========= ============= =====================
    Info (332119):     0.778         0.000 TRST 
    Info (332119):     0.946         0.000 TCLK 
Info (332146): Worst-case recovery slack is -1.688
    Info (332119):     Slack End Point TNS Clock 
    Info (332119): ========= ============= =====================
    Info (332119):    -1.688        -8.440 TCLK 
Info (332146): Worst-case removal slack is 1.634
    Info (332119):     Slack End Point TNS Clock 
    Info (332119): ========= ============= =====================
    Info (332119):     1.634         0.000 TCLK 
Info (332146): Worst-case minimum pulse width slack is -2.289
    Info (332119):     Slack End Point TNS Clock 
    Info (332119): ========= ============= =====================
    Info (332119):    -2.289        -2.289 TCLK 
    Info (332119):    -2.289        -2.289 TRST 
Info (332001): The selected device family is not supported by the report_metastability command.
Info (332102): Design is not fully constrained for setup requirements
Info (332102): Design is not fully constrained for hold requirements
Info: Quartus II 32-bit TimeQuest Timing Analyzer was successful. 0 errors, 4 warnings
    Info: Peak virtual memory: 302 megabytes
    Info: Processing ended: Thu Feb 18 15:13:16 2016
    Info: Elapsed time: 00:00:03
    Info: Total CPU time (on all processors): 00:00:02


