Analysis & Synthesis report for TopLevel
Sat Mar  5 16:19:10 2016
Quartus II 32-bit Version 12.0 Build 178 05/31/2012 SJ Web Edition


---------------------
; Table of Contents ;
---------------------
  1. Legal Notice
  2. Analysis & Synthesis Summary
  3. Analysis & Synthesis Settings
  4. Parallel Compilation
  5. Analysis & Synthesis Source Files Read
  6. Analysis & Synthesis Resource Usage Summary
  7. Analysis & Synthesis Resource Utilization by Entity
  8. General Register Statistics
  9. Port Connectivity Checks: "BCD_Adder:add|Multi_Input_MUX:mux2"
 10. Port Connectivity Checks: "BCD_Adder:add|FourBitAdder:add5"
 11. Port Connectivity Checks: "BCD_Adder:add|FourBitAdder:add4"
 12. Port Connectivity Checks: "BCD_Adder:add|Multi_Input_MUX:mux1"
 13. Port Connectivity Checks: "BCD_Adder:add|FourBitAdder:add3"
 14. Port Connectivity Checks: "BCD_Adder:add|FourBitAdder:add2"
 15. Port Connectivity Checks: "BCD_Adder:add|FourBitAdder:add1"
 16. Analysis & Synthesis Messages



----------------
; Legal Notice ;
----------------
Copyright (C) 1991-2012 Altera Corporation
Your use of Altera Corporation's design tools, logic functions 
and other software and tools, and its AMPP partner logic 
functions, and any output files from any of the foregoing 
(including device programming or simulation files), and any 
associated documentation or information are expressly subject 
to the terms and conditions of the Altera Program License 
Subscription Agreement, Altera MegaCore Function License 
Agreement, or other applicable license agreement, including, 
without limitation, that your use is for the sole purpose of 
programming logic devices manufactured by Altera and sold by 
Altera or its authorized distributors.  Please refer to the 
applicable agreement for further details.



+------------------------------------------------------------------------+
; Analysis & Synthesis Summary                                           ;
+-----------------------------+------------------------------------------+
; Analysis & Synthesis Status ; Successful - Sat Mar  5 16:19:10 2016    ;
; Quartus II 32-bit Version   ; 12.0 Build 178 05/31/2012 SJ Web Edition ;
; Revision Name               ; TopLevel                                 ;
; Top-level Entity Name       ; TopLevel                                 ;
; Family                      ; MAX V                                    ;
; Total logic elements        ; 28                                       ;
; Total pins                  ; 16                                       ;
; Total virtual pins          ; 0                                        ;
; UFM blocks                  ; 0 / 1 ( 0 % )                            ;
+-----------------------------+------------------------------------------+


+----------------------------------------------------------------------------------------------------------------------+
; Analysis & Synthesis Settings                                                                                        ;
+----------------------------------------------------------------------------+--------------------+--------------------+
; Option                                                                     ; Setting            ; Default Value      ;
+----------------------------------------------------------------------------+--------------------+--------------------+
; Device                                                                     ; 5M1270ZT144C5      ;                    ;
; Top-level entity name                                                      ; TopLevel           ; TopLevel           ;
; Family name                                                                ; MAX V              ; Cyclone IV GX      ;
; Use smart compilation                                                      ; Off                ; Off                ;
; Enable parallel Assembler and TimeQuest Timing Analyzer during compilation ; On                 ; On                 ;
; Enable compact report table                                                ; Off                ; Off                ;
; Restructure Multiplexers                                                   ; Auto               ; Auto               ;
; Create Debugging Nodes for IP Cores                                        ; Off                ; Off                ;
; Preserve fewer node names                                                  ; On                 ; On                 ;
; Disable OpenCore Plus hardware evaluation                                  ; Off                ; Off                ;
; Verilog Version                                                            ; Verilog_2001       ; Verilog_2001       ;
; VHDL Version                                                               ; VHDL_1993          ; VHDL_1993          ;
; State Machine Processing                                                   ; Auto               ; Auto               ;
; Safe State Machine                                                         ; Off                ; Off                ;
; Extract Verilog State Machines                                             ; On                 ; On                 ;
; Extract VHDL State Machines                                                ; On                 ; On                 ;
; Ignore Verilog initial constructs                                          ; Off                ; Off                ;
; Iteration limit for constant Verilog loops                                 ; 5000               ; 5000               ;
; Iteration limit for non-constant Verilog loops                             ; 250                ; 250                ;
; Add Pass-Through Logic to Inferred RAMs                                    ; On                 ; On                 ;
; Infer RAMs from Raw Logic                                                  ; On                 ; On                 ;
; Parallel Synthesis                                                         ; On                 ; On                 ;
; NOT Gate Push-Back                                                         ; On                 ; On                 ;
; Power-Up Don't Care                                                        ; On                 ; On                 ;
; Remove Redundant Logic Cells                                               ; Off                ; Off                ;
; Remove Duplicate Registers                                                 ; On                 ; On                 ;
; Ignore CARRY Buffers                                                       ; Off                ; Off                ;
; Ignore CASCADE Buffers                                                     ; Off                ; Off                ;
; Ignore GLOBAL Buffers                                                      ; Off                ; Off                ;
; Ignore ROW GLOBAL Buffers                                                  ; Off                ; Off                ;
; Ignore LCELL Buffers                                                       ; Off                ; Off                ;
; Ignore SOFT Buffers                                                        ; On                 ; On                 ;
; Limit AHDL Integers to 32 Bits                                             ; Off                ; Off                ;
; Optimization Technique                                                     ; Balanced           ; Balanced           ;
; Carry Chain Length                                                         ; 70                 ; 70                 ;
; Auto Carry Chains                                                          ; On                 ; On                 ;
; Auto Open-Drain Pins                                                       ; On                 ; On                 ;
; Perform WYSIWYG Primitive Resynthesis                                      ; Off                ; Off                ;
; Auto Shift Register Replacement                                            ; Auto               ; Auto               ;
; Allow Shift Register Merging across Hierarchies                            ; Auto               ; Auto               ;
; Auto Clock Enable Replacement                                              ; On                 ; On                 ;
; Allow Synchronous Control Signals                                          ; On                 ; On                 ;
; Force Use of Synchronous Clear Signals                                     ; Off                ; Off                ;
; Auto Resource Sharing                                                      ; Off                ; Off                ;
; Use LogicLock Constraints during Resource Balancing                        ; On                 ; On                 ;
; Ignore translate_off and synthesis_off directives                          ; Off                ; Off                ;
; Report Parameter Settings                                                  ; On                 ; On                 ;
; Report Source Assignments                                                  ; On                 ; On                 ;
; Report Connectivity Checks                                                 ; On                 ; On                 ;
; Ignore Maximum Fan-Out Assignments                                         ; Off                ; Off                ;
; Synchronization Register Chain Length                                      ; 2                  ; 2                  ;
; PowerPlay Power Optimization                                               ; Normal compilation ; Normal compilation ;
; HDL message level                                                          ; Level2             ; Level2             ;
; Suppress Register Optimization Related Messages                            ; Off                ; Off                ;
; Number of Removed Registers Reported in Synthesis Report                   ; 5000               ; 5000               ;
; Number of Swept Nodes Reported in Synthesis Report                         ; 5000               ; 5000               ;
; Number of Inverted Registers Reported in Synthesis Report                  ; 100                ; 100                ;
; Clock MUX Protection                                                       ; On                 ; On                 ;
; Block Design Naming                                                        ; Auto               ; Auto               ;
; Synthesis Effort                                                           ; Auto               ; Auto               ;
; Shift Register Replacement - Allow Asynchronous Clear Signal               ; On                 ; On                 ;
; Analysis & Synthesis Message Level                                         ; Medium             ; Medium             ;
; Disable Register Merging Across Hierarchies                                ; Auto               ; Auto               ;
; Synthesis Seed                                                             ; 1                  ; 1                  ;
+----------------------------------------------------------------------------+--------------------+--------------------+


Parallel compilation was disabled, but you have multiple processors available. Enable parallel compilation to reduce compilation time.
+-------------------------------------+
; Parallel Compilation                ;
+----------------------------+--------+
; Processors                 ; Number ;
+----------------------------+--------+
; Number detected on machine ; 4      ;
; Maximum allowed            ; 1      ;
+----------------------------+--------+


+----------------------------------------------------------------------------------------------------------------------------------------------+
; Analysis & Synthesis Source Files Read                                                                                                       ;
+----------------------------------+-----------------+-----------------+-------------------------------------------------------------+---------+
; File Name with User-Entered Path ; Used in Netlist ; File Type       ; File Name with Absolute Path                                ; Library ;
+----------------------------------+-----------------+-----------------+-------------------------------------------------------------+---------+
; ../XOR.vhd                       ; yes             ; User VHDL File  ; /home/kalpesh/Academics/EE 214/Midsem/XOR.vhd               ;         ;
; ../TopLevel.vhd                  ; yes             ; User VHDL File  ; /home/kalpesh/Academics/EE 214/Midsem/TopLevel.vhd          ;         ;
; ../OneBitAdder.vhd               ; yes             ; User VHDL File  ; /home/kalpesh/Academics/EE 214/Midsem/OneBitAdder.vhd       ;         ;
; ../Multi_Input_MUX.vhd           ; yes             ; User VHDL File  ; /home/kalpesh/Academics/EE 214/Midsem/Multi_Input_MUX.vhd   ;         ;
; ../FourBitAdder.vhd              ; yes             ; User VHDL File  ; /home/kalpesh/Academics/EE 214/Midsem/FourBitAdder.vhd      ;         ;
; ../BCD_Valid_One_Bit.vhd         ; yes             ; User VHDL File  ; /home/kalpesh/Academics/EE 214/Midsem/BCD_Valid_One_Bit.vhd ;         ;
; ../BCD_valid.vhd                 ; yes             ; User VHDL File  ; /home/kalpesh/Academics/EE 214/Midsem/BCD_valid.vhd         ;         ;
; ../BCD_Components.vhd            ; yes             ; User VHDL File  ; /home/kalpesh/Academics/EE 214/Midsem/BCD_Components.vhd    ;         ;
; ../BCD_Adder.vhd                 ; yes             ; User VHDL File  ; /home/kalpesh/Academics/EE 214/Midsem/BCD_Adder.vhd         ;         ;
+----------------------------------+-----------------+-----------------+-------------------------------------------------------------+---------+


+-----------------------------------------------------+
; Analysis & Synthesis Resource Usage Summary         ;
+---------------------------------------------+-------+
; Resource                                    ; Usage ;
+---------------------------------------------+-------+
; Total logic elements                        ; 28    ;
;     -- Combinational with no register       ; 28    ;
;     -- Register only                        ; 0     ;
;     -- Combinational with a register        ; 0     ;
;                                             ;       ;
; Logic element usage by number of LUT inputs ;       ;
;     -- 4 input functions                    ; 16    ;
;     -- 3 input functions                    ; 11    ;
;     -- 2 input functions                    ; 1     ;
;     -- 1 input functions                    ; 0     ;
;     -- 0 input functions                    ; 0     ;
;                                             ;       ;
; Logic elements by mode                      ;       ;
;     -- normal mode                          ; 28    ;
;     -- arithmetic mode                      ; 0     ;
;     -- qfbk mode                            ; 0     ;
;     -- register cascade mode                ; 0     ;
;     -- synchronous clear/load mode          ; 0     ;
;     -- asynchronous clear/load mode         ; 0     ;
;                                             ;       ;
; Total registers                             ; 0     ;
; I/O pins                                    ; 16    ;
; Maximum fan-out node                        ; d0[3] ;
; Maximum fan-out                             ; 9     ;
; Total fan-out                               ; 107   ;
; Average fan-out                             ; 2.43  ;
+---------------------------------------------+-------+


+---------------------------------------------------------------------------------------------------------------------------------------------------------------------------------------------------------------------------------------------------------------------------+
; Analysis & Synthesis Resource Utilization by Entity                                                                                                                                                                                                                       ;
+----------------------------------+-------------+--------------+------------+------+--------------+--------------+-------------------+------------------+-----------------+------------+--------------------------------------------------------------------+--------------+
; Compilation Hierarchy Node       ; Logic Cells ; LC Registers ; UFM Blocks ; Pins ; Virtual Pins ; LUT-Only LCs ; Register-Only LCs ; LUT/Register LCs ; Carry Chain LCs ; Packed LCs ; Full Hierarchy Name                                                ; Library Name ;
+----------------------------------+-------------+--------------+------------+------+--------------+--------------+-------------------+------------------+-----------------+------------+--------------------------------------------------------------------+--------------+
; |TopLevel                        ; 28 (16)     ; 0            ; 0          ; 16   ; 0            ; 28 (16)      ; 0 (0)             ; 0 (0)            ; 0 (0)           ; 0 (0)      ; |TopLevel                                                          ; work         ;
;    |BCD_Adder:add|               ; 12 (0)      ; 0            ; 0          ; 0    ; 0            ; 12 (0)       ; 0 (0)             ; 0 (0)            ; 0 (0)           ; 0 (0)      ; |TopLevel|BCD_Adder:add                                            ; work         ;
;       |BCD_Valid_One_Bit:valid2| ; 1 (1)       ; 0            ; 0          ; 0    ; 0            ; 1 (1)        ; 0 (0)             ; 0 (0)            ; 0 (0)           ; 0 (0)      ; |TopLevel|BCD_Adder:add|BCD_Valid_One_Bit:valid2                   ; work         ;
;       |FourBitAdder:add1|        ; 1 (0)       ; 0            ; 0          ; 0    ; 0            ; 1 (0)        ; 0 (0)             ; 0 (0)            ; 0 (0)           ; 0 (0)      ; |TopLevel|BCD_Adder:add|FourBitAdder:add1                          ; work         ;
;          |OneBitAdder:add3|      ; 1 (1)       ; 0            ; 0          ; 0    ; 0            ; 1 (1)        ; 0 (0)             ; 0 (0)            ; 0 (0)           ; 0 (0)      ; |TopLevel|BCD_Adder:add|FourBitAdder:add1|OneBitAdder:add3         ; work         ;
;       |FourBitAdder:add2|        ; 2 (0)       ; 0            ; 0          ; 0    ; 0            ; 2 (0)        ; 0 (0)             ; 0 (0)            ; 0 (0)           ; 0 (0)      ; |TopLevel|BCD_Adder:add|FourBitAdder:add2                          ; work         ;
;          |OneBitAdder:add1|      ; 1 (1)       ; 0            ; 0          ; 0    ; 0            ; 1 (1)        ; 0 (0)             ; 0 (0)            ; 0 (0)           ; 0 (0)      ; |TopLevel|BCD_Adder:add|FourBitAdder:add2|OneBitAdder:add1         ; work         ;
;          |OneBitAdder:add2|      ; 1 (1)       ; 0            ; 0          ; 0    ; 0            ; 1 (1)        ; 0 (0)             ; 0 (0)            ; 0 (0)           ; 0 (0)      ; |TopLevel|BCD_Adder:add|FourBitAdder:add2|OneBitAdder:add2         ; work         ;
;       |FourBitAdder:add3|        ; 1 (0)       ; 0            ; 0          ; 0    ; 0            ; 1 (0)        ; 0 (0)             ; 0 (0)            ; 0 (0)           ; 0 (0)      ; |TopLevel|BCD_Adder:add|FourBitAdder:add3                          ; work         ;
;          |OneBitAdder:add3|      ; 1 (1)       ; 0            ; 0          ; 0    ; 0            ; 1 (1)        ; 0 (0)             ; 0 (0)            ; 0 (0)           ; 0 (0)      ; |TopLevel|BCD_Adder:add|FourBitAdder:add3|OneBitAdder:add3         ; work         ;
;       |FourBitAdder:add4|        ; 6 (0)       ; 0            ; 0          ; 0    ; 0            ; 6 (0)        ; 0 (0)             ; 0 (0)            ; 0 (0)           ; 0 (0)      ; |TopLevel|BCD_Adder:add|FourBitAdder:add4                          ; work         ;
;          |OneBitAdder:add1|      ; 2 (1)       ; 0            ; 0          ; 0    ; 0            ; 2 (1)        ; 0 (0)             ; 0 (0)            ; 0 (0)           ; 0 (0)      ; |TopLevel|BCD_Adder:add|FourBitAdder:add4|OneBitAdder:add1         ; work         ;
;             |XOR1:X2|            ; 1 (1)       ; 0            ; 0          ; 0    ; 0            ; 1 (1)        ; 0 (0)             ; 0 (0)            ; 0 (0)           ; 0 (0)      ; |TopLevel|BCD_Adder:add|FourBitAdder:add4|OneBitAdder:add1|XOR1:X2 ; work         ;
;          |OneBitAdder:add2|      ; 2 (1)       ; 0            ; 0          ; 0    ; 0            ; 2 (1)        ; 0 (0)             ; 0 (0)            ; 0 (0)           ; 0 (0)      ; |TopLevel|BCD_Adder:add|FourBitAdder:add4|OneBitAdder:add2         ; work         ;
;             |XOR1:X2|            ; 1 (1)       ; 0            ; 0          ; 0    ; 0            ; 1 (1)        ; 0 (0)             ; 0 (0)            ; 0 (0)           ; 0 (0)      ; |TopLevel|BCD_Adder:add|FourBitAdder:add4|OneBitAdder:add2|XOR1:X2 ; work         ;
;          |OneBitAdder:add3|      ; 1 (0)       ; 0            ; 0          ; 0    ; 0            ; 1 (0)        ; 0 (0)             ; 0 (0)            ; 0 (0)           ; 0 (0)      ; |TopLevel|BCD_Adder:add|FourBitAdder:add4|OneBitAdder:add3         ; work         ;
;             |XOR1:X2|            ; 1 (1)       ; 0            ; 0          ; 0    ; 0            ; 1 (1)        ; 0 (0)             ; 0 (0)            ; 0 (0)           ; 0 (0)      ; |TopLevel|BCD_Adder:add|FourBitAdder:add4|OneBitAdder:add3|XOR1:X2 ; work         ;
;          |OneBitAdder:add4|      ; 1 (0)       ; 0            ; 0          ; 0    ; 0            ; 1 (0)        ; 0 (0)             ; 0 (0)            ; 0 (0)           ; 0 (0)      ; |TopLevel|BCD_Adder:add|FourBitAdder:add4|OneBitAdder:add4         ; work         ;
;             |XOR1:X2|            ; 1 (1)       ; 0            ; 0          ; 0    ; 0            ; 1 (1)        ; 0 (0)             ; 0 (0)            ; 0 (0)           ; 0 (0)      ; |TopLevel|BCD_Adder:add|FourBitAdder:add4|OneBitAdder:add4|XOR1:X2 ; work         ;
;       |Multi_Input_MUX:mux1|     ; 1 (1)       ; 0            ; 0          ; 0    ; 0            ; 1 (1)        ; 0 (0)             ; 0 (0)            ; 0 (0)           ; 0 (0)      ; |TopLevel|BCD_Adder:add|Multi_Input_MUX:mux1                       ; work         ;
+----------------------------------+-------------+--------------+------------+------+--------------+--------------+-------------------+------------------+-----------------+------------+--------------------------------------------------------------------+--------------+
Note: For table entries with two numbers listed, the numbers in parentheses indicate the number of resources of the given type used by the specific entity alone. The numbers listed outside of parentheses indicate the total resources of the given type used by the specific entity and all of its sub-entities in the hierarchy.


+------------------------------------------------------+
; General Register Statistics                          ;
+----------------------------------------------+-------+
; Statistic                                    ; Value ;
+----------------------------------------------+-------+
; Total registers                              ; 0     ;
; Number of registers using Synchronous Clear  ; 0     ;
; Number of registers using Synchronous Load   ; 0     ;
; Number of registers using Asynchronous Clear ; 0     ;
; Number of registers using Asynchronous Load  ; 0     ;
; Number of registers using Clock Enable       ; 0     ;
; Number of registers using Preset             ; 0     ;
+----------------------------------------------+-------+


+----------------------------------------------------------------------------------------------------------------+
; Port Connectivity Checks: "BCD_Adder:add|Multi_Input_MUX:mux2"                                                 ;
+------+--------+----------+-------------------------------------------------------------------------------------+
; Port ; Type   ; Severity ; Details                                                                             ;
+------+--------+----------+-------------------------------------------------------------------------------------+
; cin1 ; Input  ; Info     ; Stuck at GND                                                                        ;
; cout ; Output ; Info     ; Connected to dangling logic. Logic that only feeds a dangling port will be removed. ;
+------+--------+----------+-------------------------------------------------------------------------------------+


+-------------------------------------------------------------+
; Port Connectivity Checks: "BCD_Adder:add|FourBitAdder:add5" ;
+---------+-------+----------+--------------------------------+
; Port    ; Type  ; Severity ; Details                        ;
+---------+-------+----------+--------------------------------+
; b[2..1] ; Input ; Info     ; Stuck at VCC                   ;
; b[3]    ; Input ; Info     ; Stuck at GND                   ;
; b[0]    ; Input ; Info     ; Stuck at GND                   ;
; cin     ; Input ; Info     ; Stuck at GND                   ;
+---------+-------+----------+--------------------------------+


+----------------------------------------------------------------------------------------------------------------+
; Port Connectivity Checks: "BCD_Adder:add|FourBitAdder:add4"                                                    ;
+------+--------+----------+-------------------------------------------------------------------------------------+
; Port ; Type   ; Severity ; Details                                                                             ;
+------+--------+----------+-------------------------------------------------------------------------------------+
; b    ; Input  ; Info     ; Stuck at GND                                                                        ;
; cout ; Output ; Info     ; Connected to dangling logic. Logic that only feeds a dangling port will be removed. ;
+------+--------+----------+-------------------------------------------------------------------------------------+


+----------------------------------------------------------------+
; Port Connectivity Checks: "BCD_Adder:add|Multi_Input_MUX:mux1" ;
+------+-------+----------+--------------------------------------+
; Port ; Type  ; Severity ; Details                              ;
+------+-------+----------+--------------------------------------+
; cin1 ; Input ; Info     ; Stuck at GND                         ;
+------+-------+----------+--------------------------------------+


+-------------------------------------------------------------+
; Port Connectivity Checks: "BCD_Adder:add|FourBitAdder:add3" ;
+---------+-------+----------+--------------------------------+
; Port    ; Type  ; Severity ; Details                        ;
+---------+-------+----------+--------------------------------+
; b[2..1] ; Input ; Info     ; Stuck at VCC                   ;
; b[3]    ; Input ; Info     ; Stuck at GND                   ;
; b[0]    ; Input ; Info     ; Stuck at GND                   ;
; cin     ; Input ; Info     ; Stuck at GND                   ;
+---------+-------+----------+--------------------------------+


+-------------------------------------------------------------------------------------------------------------------+
; Port Connectivity Checks: "BCD_Adder:add|FourBitAdder:add2"                                                       ;
+---------+--------+----------+-------------------------------------------------------------------------------------+
; Port    ; Type   ; Severity ; Details                                                                             ;
+---------+--------+----------+-------------------------------------------------------------------------------------+
; b[1..0] ; Input  ; Info     ; Stuck at GND                                                                        ;
; b[3]    ; Input  ; Info     ; Stuck at GND                                                                        ;
; b[2]    ; Input  ; Info     ; Stuck at VCC                                                                        ;
; cout    ; Output ; Info     ; Connected to dangling logic. Logic that only feeds a dangling port will be removed. ;
+---------+--------+----------+-------------------------------------------------------------------------------------+


+-------------------------------------------------------------+
; Port Connectivity Checks: "BCD_Adder:add|FourBitAdder:add1" ;
+---------+-------+----------+--------------------------------+
; Port    ; Type  ; Severity ; Details                        ;
+---------+-------+----------+--------------------------------+
; b[2..1] ; Input ; Info     ; Stuck at GND                   ;
; b[3]    ; Input ; Info     ; Stuck at VCC                   ;
; b[0]    ; Input ; Info     ; Stuck at VCC                   ;
; cin     ; Input ; Info     ; Stuck at GND                   ;
+---------+-------+----------+--------------------------------+


+-------------------------------+
; Analysis & Synthesis Messages ;
+-------------------------------+
Info: *******************************************************************
Info: Running Quartus II 32-bit Analysis & Synthesis
    Info: Version 12.0 Build 178 05/31/2012 SJ Web Edition
    Info: Processing started: Sat Mar  5 16:19:08 2016
Info: Command: quartus_map --read_settings_files=on --write_settings_files=off TopLevel -c TopLevel
Warning (20028): Parallel compilation is not licensed and has been disabled
Info (12021): Found 2 design units, including 1 entities, in source file /home/kalpesh/Academics/EE 214/Midsem/XOR.vhd
    Info (12022): Found design unit 1: XOR1-Struct
    Info (12023): Found entity 1: XOR1
Info (12021): Found 2 design units, including 1 entities, in source file /home/kalpesh/Academics/EE 214/Midsem/TopLevel.vhd
    Info (12022): Found design unit 1: TopLevel-Struct
    Info (12023): Found entity 1: TopLevel
Info (12021): Found 2 design units, including 1 entities, in source file /home/kalpesh/Academics/EE 214/Midsem/OneBitAdder.vhd
    Info (12022): Found design unit 1: OneBitAdder-Struct
    Info (12023): Found entity 1: OneBitAdder
Info (12021): Found 2 design units, including 1 entities, in source file /home/kalpesh/Academics/EE 214/Midsem/MUX.vhd
    Info (12022): Found design unit 1: MUX1-Struct
    Info (12023): Found entity 1: MUX1
Info (12021): Found 2 design units, including 1 entities, in source file /home/kalpesh/Academics/EE 214/Midsem/Multi_Input_MUX.vhd
    Info (12022): Found design unit 1: Multi_Input_MUX-Struct
    Info (12023): Found entity 1: Multi_Input_MUX
Info (12021): Found 2 design units, including 1 entities, in source file /home/kalpesh/Academics/EE 214/Midsem/FourBitAdder.vhd
    Info (12022): Found design unit 1: FourBitAdder-Struct
    Info (12023): Found entity 1: FourBitAdder
Info (12021): Found 2 design units, including 1 entities, in source file /home/kalpesh/Academics/EE 214/Midsem/BCD_Valid_One_Bit.vhd
    Info (12022): Found design unit 1: BCD_Valid_One_Bit-Struct
    Info (12023): Found entity 1: BCD_Valid_One_Bit
Info (12021): Found 2 design units, including 1 entities, in source file /home/kalpesh/Academics/EE 214/Midsem/BCD_valid.vhd
    Info (12022): Found design unit 1: BCD_valid-Struct
    Info (12023): Found entity 1: BCD_valid
Info (12021): Found 1 design units, including 0 entities, in source file /home/kalpesh/Academics/EE 214/Midsem/BCD_Components.vhd
    Info (12022): Found design unit 1: BCD_Components
Info (12021): Found 2 design units, including 1 entities, in source file /home/kalpesh/Academics/EE 214/Midsem/BCD_Adder.vhd
    Info (12022): Found design unit 1: BCD_Adder-Struct
    Info (12023): Found entity 1: BCD_Adder
Info (12127): Elaborating entity "TopLevel" for the top level hierarchy
Info (12128): Elaborating entity "BCD_valid" for hierarchy "BCD_valid:v0"
Info (12128): Elaborating entity "BCD_Valid_One_Bit" for hierarchy "BCD_Valid_One_Bit:m1"
Info (12128): Elaborating entity "BCD_Adder" for hierarchy "BCD_Adder:add"
Warning (10036): Verilog HDL or VHDL warning at BCD_Adder.vhd(11): object "c2" assigned a value but never read
Warning (10036): Verilog HDL or VHDL warning at BCD_Adder.vhd(11): object "c5" assigned a value but never read
Warning (10036): Verilog HDL or VHDL warning at BCD_Adder.vhd(11): object "c7" assigned a value but never read
Info (12128): Elaborating entity "FourBitAdder" for hierarchy "BCD_Adder:add|FourBitAdder:add1"
Info (12128): Elaborating entity "OneBitAdder" for hierarchy "BCD_Adder:add|FourBitAdder:add1|OneBitAdder:add1"
Info (12128): Elaborating entity "XOR1" for hierarchy "BCD_Adder:add|FourBitAdder:add1|OneBitAdder:add1|XOR1:X1"
Info (12128): Elaborating entity "Multi_Input_MUX" for hierarchy "BCD_Adder:add|Multi_Input_MUX:mux1"
Info (21057): Implemented 44 device resources after synthesis - the final resource count might be different
    Info (21058): Implemented 8 input pins
    Info (21059): Implemented 8 output pins
    Info (21061): Implemented 28 logic cells
Info: Quartus II 32-bit Analysis & Synthesis was successful. 0 errors, 4 warnings
    Info: Peak virtual memory: 355 megabytes
    Info: Processing ended: Sat Mar  5 16:19:10 2016
    Info: Elapsed time: 00:00:02
    Info: Total CPU time (on all processors): 00:00:02


